#
# There is insufficient memory for the Java Runtime Environment to continue.
# Native memory allocation (malloc) failed to allocate 1335056 bytes. Error detail: Chunk::new
# Possible reasons:
#   The system is out of physical RAM or swap space
#   This process is running with CompressedOops enabled, and the Java Heap may be blocking the growth of the native heap
# Possible solutions:
#   Reduce memory load on the system
#   Increase physical memory or swap space
#   Check if swap backing store is full
#   Decrease Java heap size (-Xmx/-Xms)
#   Decrease number of Java threads
#   Decrease Java thread stack sizes (-Xss)
#   Set larger code cache with -XX:ReservedCodeCacheSize=
#   JVM is running with Unscaled Compressed Oops mode in which the Java heap is
#     placed in the first 4GB address space. The Java Heap base address is the
#     maximum limit for the native heap growth. Please use -XX:HeapBaseMinAddress
#     to set the Java Heap base and to place the Java Heap above 4GB virtual address.
# This output file may be truncated or incomplete.
#
#  Out of Memory Error (arena.cpp:168), pid=41348, tid=44176
#
# JRE version: OpenJDK Runtime Environment Temurin-21.0.4+7 (21.0.4+7) (build 21.0.4+7-LTS)
# Java VM: OpenJDK 64-Bit Server VM Temurin-21.0.4+7 (21.0.4+7-LTS, mixed mode, sharing, tiered, compressed oops, compressed class ptrs, g1 gc, windows-amd64)
# No core dump will be written. Minidumps are not enabled by default on client versions of Windows
#

---------------  S U M M A R Y ------------

Command Line: --add-opens=java.base/java.util=ALL-UNNAMED --add-opens=java.base/java.lang=ALL-UNNAMED --add-opens=java.base/java.lang.invoke=ALL-UNNAMED --add-opens=java.prefs/java.util.prefs=ALL-UNNAMED --add-exports=jdk.compiler/com.sun.tools.javac.api=ALL-UNNAMED --add-exports=jdk.compiler/com.sun.tools.javac.util=ALL-UNNAMED --add-opens=java.base/java.nio.charset=ALL-UNNAMED --add-opens=java.base/java.net=ALL-UNNAMED --add-opens=java.base/java.util.concurrent.atomic=ALL-UNNAMED -XX:MaxMetaspaceSize=384m -XX:+HeapDumpOnOutOfMemoryError -Xms256m -Xmx512m -Dfile.encoding=UTF-8 -Duser.country=KR -Duser.language=ko -Duser.variant -javaagent:C:\Users\SAMSUNG\.gradle\wrapper\dists\gradle-8.10.2-bin\a04bxjujx95o3nb99gddekhwo\gradle-8.10.2\lib\agents\gradle-instrumentation-agent-8.10.2.jar org.gradle.launcher.daemon.bootstrap.GradleDaemon 8.10.2

Host: Intel(R) Core(TM) i5-9300H CPU @ 2.40GHz, 8 cores, 7G,  Windows 10 , 64 bit Build 19041 (10.0.19041.4957)
Time: Wed Nov 13 13:43:40 2024  Windows 10 , 64 bit Build 19041 (10.0.19041.4957) elapsed time: 22.700978 seconds (0d 0h 0m 22s)

---------------  T H R E A D  ---------------

Current thread (0x00000173235483c0):  JavaThread "C2 CompilerThread0" daemon [_thread_in_native, id=44176, stack(0x00000011be800000,0x00000011be900000) (1024K)]


Current CompileTask:
C2:  22701 6607       4       groovyjarjarantlr4.v4.runtime.atn.PredictionContext::join (569 bytes)

Stack: [0x00000011be800000,0x00000011be900000]
Native frames: (J=compiled Java code, j=interpreted, Vv=VM code, C=native code)
V  [jvm.dll+0x6cbcf9]
V  [jvm.dll+0x8a5551]
V  [jvm.dll+0x8a7a7e]
V  [jvm.dll+0x8a8153]
V  [jvm.dll+0x27eca6]
V  [jvm.dll+0xc4aad]
V  [jvm.dll+0xc4fe3]
V  [jvm.dll+0x3b5102]
V  [jvm.dll+0x3815a5]
V  [jvm.dll+0x380a0a]
V  [jvm.dll+0x247110]
V  [jvm.dll+0x2466ef]
V  [jvm.dll+0x1c6f7e]
V  [jvm.dll+0x255e7a]
V  [jvm.dll+0x25441a]
V  [jvm.dll+0x3eeef6]
V  [jvm.dll+0x84f17b]
V  [jvm.dll+0x6ca3fd]
C  [ucrtbase.dll+0x21bb2]
C  [KERNEL32.DLL+0x17374]
C  [ntdll.dll+0x4cc91]


---------------  P R O C E S S  ---------------

Threads class SMR info:
_java_thread_list=0x00000173402a8d30, length=54, elements={
0x00000173066d2a30, 0x000001732348b2a0, 0x000001732348c1c0, 0x000001732348fea0,
0x0000017323490b80, 0x00000173234915e0, 0x0000017323497550, 0x00000173235483c0,
0x0000017323548e60, 0x00000173235e3fd0, 0x0000017323735530, 0x000001733e4b9e40,
0x000001733e438c70, 0x000001733e32a590, 0x000001733e457e30, 0x000001733e5f5ae0,
0x000001733e65bba0, 0x000001733e6340e0, 0x000001733e784f70, 0x000001733e783530,
0x000001733e783bc0, 0x000001733e785600, 0x000001733e786320, 0x000001733e785c90,
0x000001733e7848e0, 0x000001733e782ea0, 0x000001733f05dea0, 0x000001733f05ebc0,
0x000001733f05caf0, 0x000001733f05d180, 0x000001733f061320, 0x000001733f062040,
0x000001733f05f250, 0x000001733f060c90, 0x000001733f05d810, 0x000001733f05f8e0,
0x000001733f05e530, 0x000001733f05ff70, 0x000001733f060600, 0x000001733f0626d0,
0x000001733f063a80, 0x00000173400b8b20, 0x00000173400b70e0, 0x00000173400b6a50,
0x00000173400b7e00, 0x00000173400b7770, 0x00000173400b8490, 0x00000173400b91b0,
0x00000173400b5d30, 0x00000173400b63c0, 0x000001734023be00, 0x0000017340237c60,
0x00000173402375d0, 0x00000173402382f0
}

Java Threads: ( => current thread )
  0x00000173066d2a30 JavaThread "main"                              [_thread_blocked, id=51280, stack(0x00000011bda00000,0x00000011bdb00000) (1024K)]
  0x000001732348b2a0 JavaThread "Reference Handler"          daemon [_thread_blocked, id=60512, stack(0x00000011be200000,0x00000011be300000) (1024K)]
  0x000001732348c1c0 JavaThread "Finalizer"                  daemon [_thread_blocked, id=71564, stack(0x00000011be300000,0x00000011be400000) (1024K)]
  0x000001732348fea0 JavaThread "Signal Dispatcher"          daemon [_thread_blocked, id=45320, stack(0x00000011be400000,0x00000011be500000) (1024K)]
  0x0000017323490b80 JavaThread "Attach Listener"            daemon [_thread_blocked, id=72192, stack(0x00000011be500000,0x00000011be600000) (1024K)]
  0x00000173234915e0 JavaThread "Service Thread"             daemon [_thread_blocked, id=69564, stack(0x00000011be600000,0x00000011be700000) (1024K)]
  0x0000017323497550 JavaThread "Monitor Deflation Thread"   daemon [_thread_blocked, id=69676, stack(0x00000011be700000,0x00000011be800000) (1024K)]
=>0x00000173235483c0 JavaThread "C2 CompilerThread0"         daemon [_thread_in_native, id=44176, stack(0x00000011be800000,0x00000011be900000) (1024K)]
  0x0000017323548e60 JavaThread "C1 CompilerThread0"         daemon [_thread_blocked, id=35744, stack(0x00000011be900000,0x00000011bea00000) (1024K)]
  0x00000173235e3fd0 JavaThread "Common-Cleaner"             daemon [_thread_blocked, id=67884, stack(0x00000011bea00000,0x00000011beb00000) (1024K)]
  0x0000017323735530 JavaThread "Notification Thread"        daemon [_thread_blocked, id=54720, stack(0x00000011beb00000,0x00000011bec00000) (1024K)]
  0x000001733e4b9e40 JavaThread "Daemon health stats"               [_thread_blocked, id=59300, stack(0x00000011bf100000,0x00000011bf200000) (1024K)]
  0x000001733e438c70 JavaThread "Incoming local TCP Connector on port 55703"        [_thread_in_native, id=72564, stack(0x00000011bf200000,0x00000011bf300000) (1024K)]
  0x000001733e32a590 JavaThread "Daemon periodic checks"            [_thread_blocked, id=62444, stack(0x00000011bf300000,0x00000011bf400000) (1024K)]
  0x000001733e457e30 JavaThread "Daemon"                            [_thread_blocked, id=59796, stack(0x00000011bf400000,0x00000011bf500000) (1024K)]
  0x000001733e5f5ae0 JavaThread "Handler for socket connection from /127.0.0.1:55703 to /127.0.0.1:55706"        [_thread_in_native, id=70976, stack(0x00000011bf500000,0x00000011bf600000) (1024K)]
  0x000001733e65bba0 JavaThread "Cancel handler"                    [_thread_blocked, id=70696, stack(0x00000011bf600000,0x00000011bf700000) (1024K)]
  0x000001733e6340e0 JavaThread "Daemon worker"                     [_thread_in_vm, id=46740, stack(0x00000011bf700000,0x00000011bf800000) (1024K)]
  0x000001733e784f70 JavaThread "Asynchronous log dispatcher for DefaultDaemonConnection: socket connection from /127.0.0.1:55703 to /127.0.0.1:55706"        [_thread_blocked, id=61464, stack(0x00000011bf800000,0x00000011bf900000) (1024K)]
  0x000001733e783530 JavaThread "Stdin handler"                     [_thread_blocked, id=52204, stack(0x00000011bf900000,0x00000011bfa00000) (1024K)]
  0x000001733e783bc0 JavaThread "Daemon client event forwarder"        [_thread_blocked, id=67016, stack(0x00000011bfa00000,0x00000011bfb00000) (1024K)]
  0x000001733e785600 JavaThread "Cache worker for journal cache (C:\Users\SAMSUNG\.gradle\caches\journal-1)"        [_thread_blocked, id=70792, stack(0x00000011bfb00000,0x00000011bfc00000) (1024K)]
  0x000001733e786320 JavaThread "File lock request listener"        [_thread_in_native, id=63756, stack(0x00000011bfc00000,0x00000011bfd00000) (1024K)]
  0x000001733e785c90 JavaThread "Cache worker for file hash cache (C:\Users\SAMSUNG\.gradle\caches\8.10.2\fileHashes)"        [_thread_blocked, id=72132, stack(0x00000011bfd00000,0x00000011bfe00000) (1024K)]
  0x000001733e7848e0 JavaThread "Cache worker for file hash cache (C:\Edu\ThirdProject\back\.gradle\8.10.2\fileHashes)"        [_thread_blocked, id=69104, stack(0x00000011c0100000,0x00000011c0200000) (1024K)]
  0x000001733e782ea0 JavaThread "Cache worker for Build Output Cleanup Cache (C:\Edu\ThirdProject\back\.gradle\buildOutputCleanup)"        [_thread_blocked, id=60812, stack(0x00000011c0200000,0x00000011c0300000) (1024K)]
  0x000001733f05dea0 JavaThread "File watcher server"        daemon [_thread_in_native, id=46000, stack(0x00000011c0300000,0x00000011c0400000) (1024K)]
  0x000001733f05ebc0 JavaThread "File watcher consumer"      daemon [_thread_blocked, id=74640, stack(0x00000011c0400000,0x00000011c0500000) (1024K)]
  0x000001733f05caf0 JavaThread "jar transforms"                    [_thread_blocked, id=43288, stack(0x00000011c0500000,0x00000011c0600000) (1024K)]
  0x000001733f05d180 JavaThread "jar transforms Thread 2"           [_thread_blocked, id=63176, stack(0x00000011c0600000,0x00000011c0700000) (1024K)]
  0x000001733f061320 JavaThread "jar transforms Thread 3"           [_thread_blocked, id=74660, stack(0x00000011c0700000,0x00000011c0800000) (1024K)]
  0x000001733f062040 JavaThread "jar transforms Thread 4"           [_thread_blocked, id=54820, stack(0x00000011c0800000,0x00000011c0900000) (1024K)]
  0x000001733f05f250 JavaThread "jar transforms Thread 5"           [_thread_blocked, id=62828, stack(0x00000011c0900000,0x00000011c0a00000) (1024K)]
  0x000001733f060c90 JavaThread "jar transforms Thread 6"           [_thread_blocked, id=53852, stack(0x00000011c0a00000,0x00000011c0b00000) (1024K)]
  0x000001733f05d810 JavaThread "jar transforms Thread 7"           [_thread_blocked, id=73628, stack(0x00000011c0b00000,0x00000011c0c00000) (1024K)]
  0x000001733f05f8e0 JavaThread "jar transforms Thread 8"           [_thread_blocked, id=7328, stack(0x00000011c0c00000,0x00000011c0d00000) (1024K)]
  0x000001733f05e530 JavaThread "Cache worker for checksums cache (C:\Edu\ThirdProject\back\.gradle\8.10.2\checksums)"        [_thread_blocked, id=20800, stack(0x00000011c0d00000,0x00000011c0e00000) (1024K)]
  0x000001733f05ff70 JavaThread "Cache worker for file content cache (C:\Users\SAMSUNG\.gradle\caches\8.10.2\fileContent)"        [_thread_blocked, id=72236, stack(0x00000011c0e00000,0x00000011c0f00000) (1024K)]
  0x000001733f060600 JavaThread "Cache worker for cache directory md-rule (C:\Users\SAMSUNG\.gradle\caches\8.10.2\md-rule)"        [_thread_blocked, id=53876, stack(0x00000011c0f00000,0x00000011c1000000) (1024K)]
  0x000001733f0626d0 JavaThread "Cache worker for cache directory md-supplier (C:\Users\SAMSUNG\.gradle\caches\8.10.2\md-supplier)"        [_thread_blocked, id=47804, stack(0x00000011c1000000,0x00000011c1100000) (1024K)]
  0x000001733f063a80 JavaThread "Unconstrained build operations"        [_thread_blocked, id=67808, stack(0x00000011c1100000,0x00000011c1200000) (1024K)]
  0x00000173400b8b20 JavaThread "Unconstrained build operations Thread 2"        [_thread_blocked, id=73512, stack(0x00000011c1200000,0x00000011c1300000) (1024K)]
  0x00000173400b70e0 JavaThread "Unconstrained build operations Thread 3"        [_thread_blocked, id=73280, stack(0x00000011c1300000,0x00000011c1400000) (1024K)]
  0x00000173400b6a50 JavaThread "Unconstrained build operations Thread 4"        [_thread_blocked, id=57524, stack(0x00000011c1400000,0x00000011c1500000) (1024K)]
  0x00000173400b7e00 JavaThread "Unconstrained build operations Thread 5"        [_thread_blocked, id=52696, stack(0x00000011c1500000,0x00000011c1600000) (1024K)]
  0x00000173400b7770 JavaThread "Unconstrained build operations Thread 6"        [_thread_blocked, id=59828, stack(0x00000011c1600000,0x00000011c1700000) (1024K)]
  0x00000173400b8490 JavaThread "Unconstrained build operations Thread 7"        [_thread_blocked, id=63560, stack(0x00000011c1700000,0x00000011c1800000) (1024K)]
  0x00000173400b91b0 JavaThread "Unconstrained build operations Thread 8"        [_thread_blocked, id=32348, stack(0x00000011c1800000,0x00000011c1900000) (1024K)]
  0x00000173400b5d30 JavaThread "Unconstrained build operations Thread 9"        [_thread_blocked, id=73636, stack(0x00000011c1900000,0x00000011c1a00000) (1024K)]
  0x00000173400b63c0 JavaThread "Unconstrained build operations Thread 10"        [_thread_blocked, id=64264, stack(0x00000011c1a00000,0x00000011c1b00000) (1024K)]
  0x000001734023be00 JavaThread "Unconstrained build operations Thread 11"        [_thread_blocked, id=62248, stack(0x00000011c1b00000,0x00000011c1c00000) (1024K)]
  0x0000017340237c60 JavaThread "Unconstrained build operations Thread 12"        [_thread_blocked, id=60032, stack(0x00000011c1c00000,0x00000011c1d00000) (1024K)]
  0x00000173402375d0 JavaThread "Unconstrained build operations Thread 13"        [_thread_blocked, id=71128, stack(0x00000011c1d00000,0x00000011c1e00000) (1024K)]
  0x00000173402382f0 JavaThread "Unconstrained build operations Thread 14"        [_thread_blocked, id=68616, stack(0x00000011c1e00000,0x00000011c1f00000) (1024K)]
Total: 54

Other Threads:
  0x0000017323468b40 VMThread "VM Thread"                           [id=54676, stack(0x00000011be100000,0x00000011be200000) (1024K)]
  0x0000017323456950 WatcherThread "VM Periodic Task Thread"        [id=73064, stack(0x00000011be000000,0x00000011be100000) (1024K)]
  0x00000173066faf10 WorkerThread "GC Thread#0"                     [id=68760, stack(0x00000011bdb00000,0x00000011bdc00000) (1024K)]
  0x000001733d278030 WorkerThread "GC Thread#1"                     [id=17632, stack(0x00000011bec00000,0x00000011bed00000) (1024K)]
  0x000001733d02f340 WorkerThread "GC Thread#2"                     [id=73240, stack(0x00000011bed00000,0x00000011bee00000) (1024K)]
  0x000001733d048170 WorkerThread "GC Thread#3"                     [id=68268, stack(0x00000011bee00000,0x00000011bef00000) (1024K)]
  0x000001733d048510 WorkerThread "GC Thread#4"                     [id=12916, stack(0x00000011bef00000,0x00000011bf000000) (1024K)]
  0x000001733d0490c0 WorkerThread "GC Thread#5"                     [id=69492, stack(0x00000011bf000000,0x00000011bf100000) (1024K)]
  0x000001733d74a550 WorkerThread "GC Thread#6"                     [id=70628, stack(0x00000011bfe00000,0x00000011bff00000) (1024K)]
  0x000001733d748f90 WorkerThread "GC Thread#7"                     [id=73572, stack(0x00000011bff00000,0x00000011c0000000) (1024K)]
  0x0000017306700e10 ConcurrentGCThread "G1 Main Marker"            [id=71544, stack(0x00000011bdc00000,0x00000011bdd00000) (1024K)]
  0x0000017306703180 WorkerThread "G1 Conc#0"                       [id=56412, stack(0x00000011bdd00000,0x00000011bde00000) (1024K)]
  0x000001733d74a8f0 WorkerThread "G1 Conc#1"                       [id=11960, stack(0x00000011c0000000,0x00000011c0100000) (1024K)]
  0x00000173233255d0 ConcurrentGCThread "G1 Refine#0"               [id=71312, stack(0x00000011bde00000,0x00000011bdf00000) (1024K)]
  0x0000017323325df0 ConcurrentGCThread "G1 Service"                [id=65776, stack(0x00000011bdf00000,0x00000011be000000) (1024K)]
Total: 15

Threads with active compile tasks:
C2 CompilerThread0    22778 6607       4       groovyjarjarantlr4.v4.runtime.atn.PredictionContext::join (569 bytes)
Total: 1

VM state: not at safepoint (normal execution)

VM Mutex/Monitor currently owned by a thread:  ([mutex/lock_event])
[0x00007ff88eb75e08] CompiledIC_lock - owner thread: 0x0000000000000000

Heap address: 0x00000000e0000000, size: 512 MB, Compressed Oops mode: 32-bit

CDS archive(s) mapped at: [0x0000017324000000-0x0000017324c90000-0x0000017324c90000), size 13172736, SharedBaseAddress: 0x0000017324000000, ArchiveRelocationMode: 1.
Compressed class space mapped at: 0x0000017325000000-0x0000017339000000, reserved size: 335544320
Narrow klass base: 0x0000017324000000, Narrow klass shift: 0, Narrow klass range: 0x100000000

GC Precious Log:
 CardTable entry size: 512
 Card Set container configuration: InlinePtr #cards 5 size 8 Array Of Cards #cards 12 size 40 Howl #buckets 4 coarsen threshold 1843 Howl Bitmap #cards 512 size 80 coarsen threshold 460 Card regions per heap region 1 cards per card region 2048
 CPUs: 8 total, 8 available
 Memory: 8126M
 Large Page Support: Disabled
 NUMA Support: Disabled
 Compressed Oops: Enabled (32-bit)
 Heap Region Size: 1M
 Heap Min Capacity: 256M
 Heap Initial Capacity: 256M
 Heap Max Capacity: 512M
 Pre-touch: Disabled
 Parallel Workers: 8
 Concurrent Workers: 2
 Concurrent Refinement Workers: 8
 Periodic GC: Disabled

Heap:
 garbage-first heap   total 262144K, used 147206K [0x00000000e0000000, 0x0000000100000000)
  region size 1024K, 97 young (99328K), 20 survivors (20480K)
 Metaspace       used 57953K, committed 59776K, reserved 393216K
  class space    used 8331K, committed 9216K, reserved 327680K

Heap Regions: E=young(eden), S=young(survivor), O=old, HS=humongous(starts), HC=humongous(continues), CS=collection set, F=free, TAMS=top-at-mark-start, PB=parsable bottom
|   0|0x00000000e0000000, 0x00000000e0100000, 0x00000000e0100000|100%| O|  |TAMS 0x00000000e0000000| PB 0x00000000e0000000| Untracked 
|   1|0x00000000e0100000, 0x00000000e0200000, 0x00000000e0200000|100%| O|  |TAMS 0x00000000e0100000| PB 0x00000000e0100000| Untracked 
|   2|0x00000000e0200000, 0x00000000e0300000, 0x00000000e0300000|100%|HS|  |TAMS 0x00000000e0200000| PB 0x00000000e0200000| Complete 
|   3|0x00000000e0300000, 0x00000000e0400000, 0x00000000e0400000|100%|HC|  |TAMS 0x00000000e0300000| PB 0x00000000e0300000| Complete 
|   4|0x00000000e0400000, 0x00000000e0500000, 0x00000000e0500000|100%|HC|  |TAMS 0x00000000e0400000| PB 0x00000000e0400000| Complete 
|   5|0x00000000e0500000, 0x00000000e0600000, 0x00000000e0600000|100%|HC|  |TAMS 0x00000000e0500000| PB 0x00000000e0500000| Complete 
|   6|0x00000000e0600000, 0x00000000e0700000, 0x00000000e0700000|100%| O|  |TAMS 0x00000000e0600000| PB 0x00000000e0600000| Untracked 
|   7|0x00000000e0700000, 0x00000000e0700000, 0x00000000e0800000|  0%| F|  |TAMS 0x00000000e0700000| PB 0x00000000e0700000| Untracked 
|   8|0x00000000e0800000, 0x00000000e0900000, 0x00000000e0900000|100%| O|  |TAMS 0x00000000e0800000| PB 0x00000000e0800000| Untracked 
|   9|0x00000000e0900000, 0x00000000e0a00000, 0x00000000e0a00000|100%|HS|  |TAMS 0x00000000e0900000| PB 0x00000000e0900000| Complete 
|  10|0x00000000e0a00000, 0x00000000e0b00000, 0x00000000e0b00000|100%|HS|  |TAMS 0x00000000e0a00000| PB 0x00000000e0a00000| Complete 
|  11|0x00000000e0b00000, 0x00000000e0c00000, 0x00000000e0c00000|100%| O|  |TAMS 0x00000000e0b00000| PB 0x00000000e0b00000| Untracked 
|  12|0x00000000e0c00000, 0x00000000e0d00000, 0x00000000e0d00000|100%| O|  |TAMS 0x00000000e0c00000| PB 0x00000000e0c00000| Untracked 
|  13|0x00000000e0d00000, 0x00000000e0e00000, 0x00000000e0e00000|100%| O|  |TAMS 0x00000000e0d00000| PB 0x00000000e0d00000| Untracked 
|  14|0x00000000e0e00000, 0x00000000e0f00000, 0x00000000e0f00000|100%| O|  |TAMS 0x00000000e0e00000| PB 0x00000000e0e00000| Untracked 
|  15|0x00000000e0f00000, 0x00000000e1000000, 0x00000000e1000000|100%|HS|  |TAMS 0x00000000e0f00000| PB 0x00000000e0f00000| Complete 
|  16|0x00000000e1000000, 0x00000000e1100000, 0x00000000e1100000|100%|HC|  |TAMS 0x00000000e1000000| PB 0x00000000e1000000| Complete 
|  17|0x00000000e1100000, 0x00000000e1200000, 0x00000000e1200000|100%|HC|  |TAMS 0x00000000e1100000| PB 0x00000000e1100000| Complete 
|  18|0x00000000e1200000, 0x00000000e1300000, 0x00000000e1300000|100%|HC|  |TAMS 0x00000000e1200000| PB 0x00000000e1200000| Complete 
|  19|0x00000000e1300000, 0x00000000e1400000, 0x00000000e1400000|100%|HC|  |TAMS 0x00000000e1300000| PB 0x00000000e1300000| Complete 
|  20|0x00000000e1400000, 0x00000000e1500000, 0x00000000e1500000|100%|HS|  |TAMS 0x00000000e1400000| PB 0x00000000e1400000| Complete 
|  21|0x00000000e1500000, 0x00000000e1600000, 0x00000000e1600000|100%|HC|  |TAMS 0x00000000e1500000| PB 0x00000000e1500000| Complete 
|  22|0x00000000e1600000, 0x00000000e1700000, 0x00000000e1700000|100%|HC|  |TAMS 0x00000000e1600000| PB 0x00000000e1600000| Complete 
|  23|0x00000000e1700000, 0x00000000e1800000, 0x00000000e1800000|100%|HS|  |TAMS 0x00000000e1700000| PB 0x00000000e1700000| Complete 
|  24|0x00000000e1800000, 0x00000000e1900000, 0x00000000e1900000|100%|HC|  |TAMS 0x00000000e1800000| PB 0x00000000e1800000| Complete 
|  25|0x00000000e1900000, 0x00000000e1a00000, 0x00000000e1a00000|100%| O|  |TAMS 0x00000000e1900000| PB 0x00000000e1900000| Untracked 
|  26|0x00000000e1a00000, 0x00000000e1b00000, 0x00000000e1b00000|100%| O|  |TAMS 0x00000000e1a00000| PB 0x00000000e1a00000| Untracked 
|  27|0x00000000e1b00000, 0x00000000e1c00000, 0x00000000e1c00000|100%| O|  |TAMS 0x00000000e1b00000| PB 0x00000000e1b00000| Untracked 
|  28|0x00000000e1c00000, 0x00000000e1d00000, 0x00000000e1d00000|100%| O|  |TAMS 0x00000000e1c00000| PB 0x00000000e1c00000| Untracked 
|  29|0x00000000e1d00000, 0x00000000e1e00000, 0x00000000e1e00000|100%| O|  |TAMS 0x00000000e1d00000| PB 0x00000000e1d00000| Untracked 
|  30|0x00000000e1e00000, 0x00000000e1f00000, 0x00000000e1f00000|100%| O|  |TAMS 0x00000000e1e00000| PB 0x00000000e1e00000| Untracked 
|  31|0x00000000e1f00000, 0x00000000e2000000, 0x00000000e2000000|100%| O|  |TAMS 0x00000000e1f00000| PB 0x00000000e1f00000| Untracked 
|  32|0x00000000e2000000, 0x00000000e2100000, 0x00000000e2100000|100%| O|  |TAMS 0x00000000e2000000| PB 0x00000000e2000000| Untracked 
|  33|0x00000000e2100000, 0x00000000e2200000, 0x00000000e2200000|100%| O|  |TAMS 0x00000000e2100000| PB 0x00000000e2100000| Untracked 
|  34|0x00000000e2200000, 0x00000000e2300000, 0x00000000e2300000|100%| O|  |TAMS 0x00000000e2200000| PB 0x00000000e2200000| Untracked 
|  35|0x00000000e2300000, 0x00000000e2400000, 0x00000000e2400000|100%| O|Cm|TAMS 0x00000000e2300000| PB 0x00000000e2300000| Complete 
|  36|0x00000000e2400000, 0x00000000e24c1870, 0x00000000e2500000| 75%| O|  |TAMS 0x00000000e2400000| PB 0x00000000e2400000| Untracked 
|  37|0x00000000e2500000, 0x00000000e2500000, 0x00000000e2600000|  0%| F|  |TAMS 0x00000000e2500000| PB 0x00000000e2500000| Untracked 
|  38|0x00000000e2600000, 0x00000000e2600000, 0x00000000e2700000|  0%| F|  |TAMS 0x00000000e2600000| PB 0x00000000e2600000| Untracked 
|  39|0x00000000e2700000, 0x00000000e2700000, 0x00000000e2800000|  0%| F|  |TAMS 0x00000000e2700000| PB 0x00000000e2700000| Untracked 
|  40|0x00000000e2800000, 0x00000000e2800000, 0x00000000e2900000|  0%| F|  |TAMS 0x00000000e2800000| PB 0x00000000e2800000| Untracked 
|  41|0x00000000e2900000, 0x00000000e2a00000, 0x00000000e2a00000|100%|HS|  |TAMS 0x00000000e2900000| PB 0x00000000e2900000| Complete 
|  42|0x00000000e2a00000, 0x00000000e2b00000, 0x00000000e2b00000|100%|HC|  |TAMS 0x00000000e2a00000| PB 0x00000000e2a00000| Complete 
|  43|0x00000000e2b00000, 0x00000000e2c00000, 0x00000000e2c00000|100%|HC|  |TAMS 0x00000000e2b00000| PB 0x00000000e2b00000| Complete 
|  44|0x00000000e2c00000, 0x00000000e2d00000, 0x00000000e2d00000|100%|HC|  |TAMS 0x00000000e2c00000| PB 0x00000000e2c00000| Complete 
|  45|0x00000000e2d00000, 0x00000000e2e00000, 0x00000000e2e00000|100%|HC|  |TAMS 0x00000000e2d00000| PB 0x00000000e2d00000| Complete 
|  46|0x00000000e2e00000, 0x00000000e2f00000, 0x00000000e2f00000|100%|HS|  |TAMS 0x00000000e2e00000| PB 0x00000000e2e00000| Complete 
|  47|0x00000000e2f00000, 0x00000000e3000000, 0x00000000e3000000|100%|HC|  |TAMS 0x00000000e2f00000| PB 0x00000000e2f00000| Complete 
|  48|0x00000000e3000000, 0x00000000e3100000, 0x00000000e3100000|100%|HS|  |TAMS 0x00000000e3000000| PB 0x00000000e3000000| Complete 
|  49|0x00000000e3100000, 0x00000000e3200000, 0x00000000e3200000|100%|HC|  |TAMS 0x00000000e3100000| PB 0x00000000e3100000| Complete 
|  50|0x00000000e3200000, 0x00000000e3300000, 0x00000000e3300000|100%|HC|  |TAMS 0x00000000e3200000| PB 0x00000000e3200000| Complete 
|  51|0x00000000e3300000, 0x00000000e3400000, 0x00000000e3400000|100%|HC|  |TAMS 0x00000000e3300000| PB 0x00000000e3300000| Complete 
|  52|0x00000000e3400000, 0x00000000e3500000, 0x00000000e3500000|100%|HC|  |TAMS 0x00000000e3400000| PB 0x00000000e3400000| Complete 
|  53|0x00000000e3500000, 0x00000000e3500000, 0x00000000e3600000|  0%| F|  |TAMS 0x00000000e3500000| PB 0x00000000e3500000| Untracked 
|  54|0x00000000e3600000, 0x00000000e3600000, 0x00000000e3700000|  0%| F|  |TAMS 0x00000000e3600000| PB 0x00000000e3600000| Untracked 
|  55|0x00000000e3700000, 0x00000000e3700000, 0x00000000e3800000|  0%| F|  |TAMS 0x00000000e3700000| PB 0x00000000e3700000| Untracked 
|  56|0x00000000e3800000, 0x00000000e3800000, 0x00000000e3900000|  0%| F|  |TAMS 0x00000000e3800000| PB 0x00000000e3800000| Untracked 
|  57|0x00000000e3900000, 0x00000000e3900000, 0x00000000e3a00000|  0%| F|  |TAMS 0x00000000e3900000| PB 0x00000000e3900000| Untracked 
|  58|0x00000000e3a00000, 0x00000000e3a00000, 0x00000000e3b00000|  0%| F|  |TAMS 0x00000000e3a00000| PB 0x00000000e3a00000| Untracked 
|  59|0x00000000e3b00000, 0x00000000e3b00000, 0x00000000e3c00000|  0%| F|  |TAMS 0x00000000e3b00000| PB 0x00000000e3b00000| Untracked 
|  60|0x00000000e3c00000, 0x00000000e3c00000, 0x00000000e3d00000|  0%| F|  |TAMS 0x00000000e3c00000| PB 0x00000000e3c00000| Untracked 
|  61|0x00000000e3d00000, 0x00000000e3d00000, 0x00000000e3e00000|  0%| F|  |TAMS 0x00000000e3d00000| PB 0x00000000e3d00000| Untracked 
|  62|0x00000000e3e00000, 0x00000000e3e00000, 0x00000000e3f00000|  0%| F|  |TAMS 0x00000000e3e00000| PB 0x00000000e3e00000| Untracked 
|  63|0x00000000e3f00000, 0x00000000e3f00000, 0x00000000e4000000|  0%| F|  |TAMS 0x00000000e3f00000| PB 0x00000000e3f00000| Untracked 
|  64|0x00000000e4000000, 0x00000000e4000000, 0x00000000e4100000|  0%| F|  |TAMS 0x00000000e4000000| PB 0x00000000e4000000| Untracked 
|  65|0x00000000e4100000, 0x00000000e4100000, 0x00000000e4200000|  0%| F|  |TAMS 0x00000000e4100000| PB 0x00000000e4100000| Untracked 
|  66|0x00000000e4200000, 0x00000000e4200000, 0x00000000e4300000|  0%| F|  |TAMS 0x00000000e4200000| PB 0x00000000e4200000| Untracked 
|  67|0x00000000e4300000, 0x00000000e4300000, 0x00000000e4400000|  0%| F|  |TAMS 0x00000000e4300000| PB 0x00000000e4300000| Untracked 
|  68|0x00000000e4400000, 0x00000000e4400000, 0x00000000e4500000|  0%| F|  |TAMS 0x00000000e4400000| PB 0x00000000e4400000| Untracked 
|  69|0x00000000e4500000, 0x00000000e4500000, 0x00000000e4600000|  0%| F|  |TAMS 0x00000000e4500000| PB 0x00000000e4500000| Untracked 
|  70|0x00000000e4600000, 0x00000000e4600000, 0x00000000e4700000|  0%| F|  |TAMS 0x00000000e4600000| PB 0x00000000e4600000| Untracked 
|  71|0x00000000e4700000, 0x00000000e4700000, 0x00000000e4800000|  0%| F|  |TAMS 0x00000000e4700000| PB 0x00000000e4700000| Untracked 
|  72|0x00000000e4800000, 0x00000000e4800000, 0x00000000e4900000|  0%| F|  |TAMS 0x00000000e4800000| PB 0x00000000e4800000| Untracked 
|  73|0x00000000e4900000, 0x00000000e4900000, 0x00000000e4a00000|  0%| F|  |TAMS 0x00000000e4900000| PB 0x00000000e4900000| Untracked 
|  74|0x00000000e4a00000, 0x00000000e4a00000, 0x00000000e4b00000|  0%| F|  |TAMS 0x00000000e4a00000| PB 0x00000000e4a00000| Untracked 
|  75|0x00000000e4b00000, 0x00000000e4b00000, 0x00000000e4c00000|  0%| F|  |TAMS 0x00000000e4b00000| PB 0x00000000e4b00000| Untracked 
|  76|0x00000000e4c00000, 0x00000000e4c00000, 0x00000000e4d00000|  0%| F|  |TAMS 0x00000000e4c00000| PB 0x00000000e4c00000| Untracked 
|  77|0x00000000e4d00000, 0x00000000e4d00000, 0x00000000e4e00000|  0%| F|  |TAMS 0x00000000e4d00000| PB 0x00000000e4d00000| Untracked 
|  78|0x00000000e4e00000, 0x00000000e4e00000, 0x00000000e4f00000|  0%| F|  |TAMS 0x00000000e4e00000| PB 0x00000000e4e00000| Untracked 
|  79|0x00000000e4f00000, 0x00000000e4f00000, 0x00000000e5000000|  0%| F|  |TAMS 0x00000000e4f00000| PB 0x00000000e4f00000| Untracked 
|  80|0x00000000e5000000, 0x00000000e5000000, 0x00000000e5100000|  0%| F|  |TAMS 0x00000000e5000000| PB 0x00000000e5000000| Untracked 
|  81|0x00000000e5100000, 0x00000000e5100000, 0x00000000e5200000|  0%| F|  |TAMS 0x00000000e5100000| PB 0x00000000e5100000| Untracked 
|  82|0x00000000e5200000, 0x00000000e5200000, 0x00000000e5300000|  0%| F|  |TAMS 0x00000000e5200000| PB 0x00000000e5200000| Untracked 
|  83|0x00000000e5300000, 0x00000000e5400000, 0x00000000e5400000|100%| S|CS|TAMS 0x00000000e5300000| PB 0x00000000e5300000| Complete 
|  84|0x00000000e5400000, 0x00000000e5500000, 0x00000000e5500000|100%| S|CS|TAMS 0x00000000e5400000| PB 0x00000000e5400000| Complete 
|  85|0x00000000e5500000, 0x00000000e5600000, 0x00000000e5600000|100%| S|CS|TAMS 0x00000000e5500000| PB 0x00000000e5500000| Complete 
|  86|0x00000000e5600000, 0x00000000e5700000, 0x00000000e5700000|100%| S|CS|TAMS 0x00000000e5600000| PB 0x00000000e5600000| Complete 
|  87|0x00000000e5700000, 0x00000000e5800000, 0x00000000e5800000|100%| S|CS|TAMS 0x00000000e5700000| PB 0x00000000e5700000| Complete 
|  88|0x00000000e5800000, 0x00000000e5900000, 0x00000000e5900000|100%| S|CS|TAMS 0x00000000e5800000| PB 0x00000000e5800000| Complete 
|  89|0x00000000e5900000, 0x00000000e5a00000, 0x00000000e5a00000|100%| S|CS|TAMS 0x00000000e5900000| PB 0x00000000e5900000| Complete 
|  90|0x00000000e5a00000, 0x00000000e5b00000, 0x00000000e5b00000|100%| S|CS|TAMS 0x00000000e5a00000| PB 0x00000000e5a00000| Complete 
|  91|0x00000000e5b00000, 0x00000000e5c00000, 0x00000000e5c00000|100%| S|CS|TAMS 0x00000000e5b00000| PB 0x00000000e5b00000| Complete 
|  92|0x00000000e5c00000, 0x00000000e5d00000, 0x00000000e5d00000|100%| S|CS|TAMS 0x00000000e5c00000| PB 0x00000000e5c00000| Complete 
|  93|0x00000000e5d00000, 0x00000000e5e00000, 0x00000000e5e00000|100%| S|CS|TAMS 0x00000000e5d00000| PB 0x00000000e5d00000| Complete 
|  94|0x00000000e5e00000, 0x00000000e5f00000, 0x00000000e5f00000|100%| S|CS|TAMS 0x00000000e5e00000| PB 0x00000000e5e00000| Complete 
|  95|0x00000000e5f00000, 0x00000000e6000000, 0x00000000e6000000|100%| S|CS|TAMS 0x00000000e5f00000| PB 0x00000000e5f00000| Complete 
|  96|0x00000000e6000000, 0x00000000e6100000, 0x00000000e6100000|100%| S|CS|TAMS 0x00000000e6000000| PB 0x00000000e6000000| Complete 
|  97|0x00000000e6100000, 0x00000000e6200000, 0x00000000e6200000|100%| S|CS|TAMS 0x00000000e6100000| PB 0x00000000e6100000| Complete 
|  98|0x00000000e6200000, 0x00000000e6300000, 0x00000000e6300000|100%| S|CS|TAMS 0x00000000e6200000| PB 0x00000000e6200000| Complete 
|  99|0x00000000e6300000, 0x00000000e6400000, 0x00000000e6400000|100%| S|CS|TAMS 0x00000000e6300000| PB 0x00000000e6300000| Complete 
| 100|0x00000000e6400000, 0x00000000e6500000, 0x00000000e6500000|100%| S|CS|TAMS 0x00000000e6400000| PB 0x00000000e6400000| Complete 
| 101|0x00000000e6500000, 0x00000000e6600000, 0x00000000e6600000|100%| S|CS|TAMS 0x00000000e6500000| PB 0x00000000e6500000| Complete 
| 102|0x00000000e6600000, 0x00000000e6700000, 0x00000000e6700000|100%| S|CS|TAMS 0x00000000e6600000| PB 0x00000000e6600000| Complete 
| 103|0x00000000e6700000, 0x00000000e6700000, 0x00000000e6800000|  0%| F|  |TAMS 0x00000000e6700000| PB 0x00000000e6700000| Untracked 
| 104|0x00000000e6800000, 0x00000000e6800000, 0x00000000e6900000|  0%| F|  |TAMS 0x00000000e6800000| PB 0x00000000e6800000| Untracked 
| 105|0x00000000e6900000, 0x00000000e6900000, 0x00000000e6a00000|  0%| F|  |TAMS 0x00000000e6900000| PB 0x00000000e6900000| Untracked 
| 106|0x00000000e6a00000, 0x00000000e6a00000, 0x00000000e6b00000|  0%| F|  |TAMS 0x00000000e6a00000| PB 0x00000000e6a00000| Untracked 
| 107|0x00000000e6b00000, 0x00000000e6b00000, 0x00000000e6c00000|  0%| F|  |TAMS 0x00000000e6b00000| PB 0x00000000e6b00000| Untracked 
| 108|0x00000000e6c00000, 0x00000000e6c00000, 0x00000000e6d00000|  0%| F|  |TAMS 0x00000000e6c00000| PB 0x00000000e6c00000| Untracked 
| 109|0x00000000e6d00000, 0x00000000e6d00000, 0x00000000e6e00000|  0%| F|  |TAMS 0x00000000e6d00000| PB 0x00000000e6d00000| Untracked 
| 110|0x00000000e6e00000, 0x00000000e6e00000, 0x00000000e6f00000|  0%| F|  |TAMS 0x00000000e6e00000| PB 0x00000000e6e00000| Untracked 
| 111|0x00000000e6f00000, 0x00000000e6f00000, 0x00000000e7000000|  0%| F|  |TAMS 0x00000000e6f00000| PB 0x00000000e6f00000| Untracked 
| 112|0x00000000e7000000, 0x00000000e7000000, 0x00000000e7100000|  0%| F|  |TAMS 0x00000000e7000000| PB 0x00000000e7000000| Untracked 
| 113|0x00000000e7100000, 0x00000000e7100000, 0x00000000e7200000|  0%| F|  |TAMS 0x00000000e7100000| PB 0x00000000e7100000| Untracked 
| 114|0x00000000e7200000, 0x00000000e7200000, 0x00000000e7300000|  0%| F|  |TAMS 0x00000000e7200000| PB 0x00000000e7200000| Untracked 
| 115|0x00000000e7300000, 0x00000000e7300000, 0x00000000e7400000|  0%| F|  |TAMS 0x00000000e7300000| PB 0x00000000e7300000| Untracked 
| 116|0x00000000e7400000, 0x00000000e7400000, 0x00000000e7500000|  0%| F|  |TAMS 0x00000000e7400000| PB 0x00000000e7400000| Untracked 
| 117|0x00000000e7500000, 0x00000000e7500000, 0x00000000e7600000|  0%| F|  |TAMS 0x00000000e7500000| PB 0x00000000e7500000| Untracked 
| 118|0x00000000e7600000, 0x00000000e7600000, 0x00000000e7700000|  0%| F|  |TAMS 0x00000000e7600000| PB 0x00000000e7600000| Untracked 
| 119|0x00000000e7700000, 0x00000000e7700000, 0x00000000e7800000|  0%| F|  |TAMS 0x00000000e7700000| PB 0x00000000e7700000| Untracked 
| 120|0x00000000e7800000, 0x00000000e7800000, 0x00000000e7900000|  0%| F|  |TAMS 0x00000000e7800000| PB 0x00000000e7800000| Untracked 
| 121|0x00000000e7900000, 0x00000000e7900000, 0x00000000e7a00000|  0%| F|  |TAMS 0x00000000e7900000| PB 0x00000000e7900000| Untracked 
| 122|0x00000000e7a00000, 0x00000000e7a00000, 0x00000000e7b00000|  0%| F|  |TAMS 0x00000000e7a00000| PB 0x00000000e7a00000| Untracked 
| 123|0x00000000e7b00000, 0x00000000e7b00000, 0x00000000e7c00000|  0%| F|  |TAMS 0x00000000e7b00000| PB 0x00000000e7b00000| Untracked 
| 124|0x00000000e7c00000, 0x00000000e7c00000, 0x00000000e7d00000|  0%| F|  |TAMS 0x00000000e7c00000| PB 0x00000000e7c00000| Untracked 
| 125|0x00000000e7d00000, 0x00000000e7d00000, 0x00000000e7e00000|  0%| F|  |TAMS 0x00000000e7d00000| PB 0x00000000e7d00000| Untracked 
| 126|0x00000000e7e00000, 0x00000000e7e00000, 0x00000000e7f00000|  0%| F|  |TAMS 0x00000000e7e00000| PB 0x00000000e7e00000| Untracked 
| 127|0x00000000e7f00000, 0x00000000e7f00000, 0x00000000e8000000|  0%| F|  |TAMS 0x00000000e7f00000| PB 0x00000000e7f00000| Untracked 
| 128|0x00000000e8000000, 0x00000000e8000000, 0x00000000e8100000|  0%| F|  |TAMS 0x00000000e8000000| PB 0x00000000e8000000| Untracked 
| 129|0x00000000e8100000, 0x00000000e8100000, 0x00000000e8200000|  0%| F|  |TAMS 0x00000000e8100000| PB 0x00000000e8100000| Untracked 
| 130|0x00000000e8200000, 0x00000000e8200000, 0x00000000e8300000|  0%| F|  |TAMS 0x00000000e8200000| PB 0x00000000e8200000| Untracked 
| 131|0x00000000e8300000, 0x00000000e8300000, 0x00000000e8400000|  0%| F|  |TAMS 0x00000000e8300000| PB 0x00000000e8300000| Untracked 
| 132|0x00000000e8400000, 0x00000000e8400000, 0x00000000e8500000|  0%| F|  |TAMS 0x00000000e8400000| PB 0x00000000e8400000| Untracked 
| 133|0x00000000e8500000, 0x00000000e8500000, 0x00000000e8600000|  0%| F|  |TAMS 0x00000000e8500000| PB 0x00000000e8500000| Untracked 
| 134|0x00000000e8600000, 0x00000000e8600000, 0x00000000e8700000|  0%| F|  |TAMS 0x00000000e8600000| PB 0x00000000e8600000| Untracked 
| 135|0x00000000e8700000, 0x00000000e8700000, 0x00000000e8800000|  0%| F|  |TAMS 0x00000000e8700000| PB 0x00000000e8700000| Untracked 
| 136|0x00000000e8800000, 0x00000000e8800000, 0x00000000e8900000|  0%| F|  |TAMS 0x00000000e8800000| PB 0x00000000e8800000| Untracked 
| 137|0x00000000e8900000, 0x00000000e8900000, 0x00000000e8a00000|  0%| F|  |TAMS 0x00000000e8900000| PB 0x00000000e8900000| Untracked 
| 138|0x00000000e8a00000, 0x00000000e8a00000, 0x00000000e8b00000|  0%| F|  |TAMS 0x00000000e8a00000| PB 0x00000000e8a00000| Untracked 
| 139|0x00000000e8b00000, 0x00000000e8b00000, 0x00000000e8c00000|  0%| F|  |TAMS 0x00000000e8b00000| PB 0x00000000e8b00000| Untracked 
| 140|0x00000000e8c00000, 0x00000000e8c00000, 0x00000000e8d00000|  0%| F|  |TAMS 0x00000000e8c00000| PB 0x00000000e8c00000| Untracked 
| 141|0x00000000e8d00000, 0x00000000e8d00000, 0x00000000e8e00000|  0%| F|  |TAMS 0x00000000e8d00000| PB 0x00000000e8d00000| Untracked 
| 142|0x00000000e8e00000, 0x00000000e8e00000, 0x00000000e8f00000|  0%| F|  |TAMS 0x00000000e8e00000| PB 0x00000000e8e00000| Untracked 
| 143|0x00000000e8f00000, 0x00000000e8f00000, 0x00000000e9000000|  0%| F|  |TAMS 0x00000000e8f00000| PB 0x00000000e8f00000| Untracked 
| 144|0x00000000e9000000, 0x00000000e9000000, 0x00000000e9100000|  0%| F|  |TAMS 0x00000000e9000000| PB 0x00000000e9000000| Untracked 
| 145|0x00000000e9100000, 0x00000000e9100000, 0x00000000e9200000|  0%| F|  |TAMS 0x00000000e9100000| PB 0x00000000e9100000| Untracked 
| 146|0x00000000e9200000, 0x00000000e9200000, 0x00000000e9300000|  0%| F|  |TAMS 0x00000000e9200000| PB 0x00000000e9200000| Untracked 
| 147|0x00000000e9300000, 0x00000000e9300000, 0x00000000e9400000|  0%| F|  |TAMS 0x00000000e9300000| PB 0x00000000e9300000| Untracked 
| 148|0x00000000e9400000, 0x00000000e9400000, 0x00000000e9500000|  0%| F|  |TAMS 0x00000000e9400000| PB 0x00000000e9400000| Untracked 
| 149|0x00000000e9500000, 0x00000000e9500000, 0x00000000e9600000|  0%| F|  |TAMS 0x00000000e9500000| PB 0x00000000e9500000| Untracked 
| 150|0x00000000e9600000, 0x00000000e9600000, 0x00000000e9700000|  0%| F|  |TAMS 0x00000000e9600000| PB 0x00000000e9600000| Untracked 
| 151|0x00000000e9700000, 0x00000000e9700000, 0x00000000e9800000|  0%| F|  |TAMS 0x00000000e9700000| PB 0x00000000e9700000| Untracked 
| 152|0x00000000e9800000, 0x00000000e9800000, 0x00000000e9900000|  0%| F|  |TAMS 0x00000000e9800000| PB 0x00000000e9800000| Untracked 
| 153|0x00000000e9900000, 0x00000000e9900000, 0x00000000e9a00000|  0%| F|  |TAMS 0x00000000e9900000| PB 0x00000000e9900000| Untracked 
| 154|0x00000000e9a00000, 0x00000000e9a00000, 0x00000000e9b00000|  0%| F|  |TAMS 0x00000000e9a00000| PB 0x00000000e9a00000| Untracked 
| 155|0x00000000e9b00000, 0x00000000e9b00000, 0x00000000e9c00000|  0%| F|  |TAMS 0x00000000e9b00000| PB 0x00000000e9b00000| Untracked 
| 156|0x00000000e9c00000, 0x00000000e9c00000, 0x00000000e9d00000|  0%| F|  |TAMS 0x00000000e9c00000| PB 0x00000000e9c00000| Untracked 
| 157|0x00000000e9d00000, 0x00000000e9d00000, 0x00000000e9e00000|  0%| F|  |TAMS 0x00000000e9d00000| PB 0x00000000e9d00000| Untracked 
| 158|0x00000000e9e00000, 0x00000000e9e00000, 0x00000000e9f00000|  0%| F|  |TAMS 0x00000000e9e00000| PB 0x00000000e9e00000| Untracked 
| 159|0x00000000e9f00000, 0x00000000e9f00000, 0x00000000ea000000|  0%| F|  |TAMS 0x00000000e9f00000| PB 0x00000000e9f00000| Untracked 
| 160|0x00000000ea000000, 0x00000000ea000000, 0x00000000ea100000|  0%| F|  |TAMS 0x00000000ea000000| PB 0x00000000ea000000| Untracked 
| 161|0x00000000ea100000, 0x00000000ea100000, 0x00000000ea200000|  0%| F|  |TAMS 0x00000000ea100000| PB 0x00000000ea100000| Untracked 
| 162|0x00000000ea200000, 0x00000000ea200000, 0x00000000ea300000|  0%| F|  |TAMS 0x00000000ea200000| PB 0x00000000ea200000| Untracked 
| 163|0x00000000ea300000, 0x00000000ea300000, 0x00000000ea400000|  0%| F|  |TAMS 0x00000000ea300000| PB 0x00000000ea300000| Untracked 
| 164|0x00000000ea400000, 0x00000000ea400000, 0x00000000ea500000|  0%| F|  |TAMS 0x00000000ea400000| PB 0x00000000ea400000| Untracked 
| 165|0x00000000ea500000, 0x00000000ea500000, 0x00000000ea600000|  0%| F|  |TAMS 0x00000000ea500000| PB 0x00000000ea500000| Untracked 
| 166|0x00000000ea600000, 0x00000000ea600000, 0x00000000ea700000|  0%| F|  |TAMS 0x00000000ea600000| PB 0x00000000ea600000| Untracked 
| 167|0x00000000ea700000, 0x00000000ea700000, 0x00000000ea800000|  0%| F|  |TAMS 0x00000000ea700000| PB 0x00000000ea700000| Untracked 
| 168|0x00000000ea800000, 0x00000000ea800000, 0x00000000ea900000|  0%| F|  |TAMS 0x00000000ea800000| PB 0x00000000ea800000| Untracked 
| 169|0x00000000ea900000, 0x00000000ea900000, 0x00000000eaa00000|  0%| F|  |TAMS 0x00000000ea900000| PB 0x00000000ea900000| Untracked 
| 170|0x00000000eaa00000, 0x00000000eaa00000, 0x00000000eab00000|  0%| F|  |TAMS 0x00000000eaa00000| PB 0x00000000eaa00000| Untracked 
| 171|0x00000000eab00000, 0x00000000eab00000, 0x00000000eac00000|  0%| F|  |TAMS 0x00000000eab00000| PB 0x00000000eab00000| Untracked 
| 172|0x00000000eac00000, 0x00000000eac00000, 0x00000000ead00000|  0%| F|  |TAMS 0x00000000eac00000| PB 0x00000000eac00000| Untracked 
| 173|0x00000000ead00000, 0x00000000ead00000, 0x00000000eae00000|  0%| F|  |TAMS 0x00000000ead00000| PB 0x00000000ead00000| Untracked 
| 174|0x00000000eae00000, 0x00000000eae00000, 0x00000000eaf00000|  0%| F|  |TAMS 0x00000000eae00000| PB 0x00000000eae00000| Untracked 
| 175|0x00000000eaf00000, 0x00000000eaf00000, 0x00000000eb000000|  0%| F|  |TAMS 0x00000000eaf00000| PB 0x00000000eaf00000| Untracked 
| 176|0x00000000eb000000, 0x00000000eb000000, 0x00000000eb100000|  0%| F|  |TAMS 0x00000000eb000000| PB 0x00000000eb000000| Untracked 
| 177|0x00000000eb100000, 0x00000000eb100000, 0x00000000eb200000|  0%| F|  |TAMS 0x00000000eb100000| PB 0x00000000eb100000| Untracked 
| 178|0x00000000eb200000, 0x00000000eb200000, 0x00000000eb300000|  0%| F|  |TAMS 0x00000000eb200000| PB 0x00000000eb200000| Untracked 
| 179|0x00000000eb300000, 0x00000000eb400000, 0x00000000eb400000|100%| E|  |TAMS 0x00000000eb300000| PB 0x00000000eb300000| Complete 
| 180|0x00000000eb400000, 0x00000000eb500000, 0x00000000eb500000|100%| E|CS|TAMS 0x00000000eb400000| PB 0x00000000eb400000| Complete 
| 181|0x00000000eb500000, 0x00000000eb600000, 0x00000000eb600000|100%| E|CS|TAMS 0x00000000eb500000| PB 0x00000000eb500000| Complete 
| 182|0x00000000eb600000, 0x00000000eb700000, 0x00000000eb700000|100%| E|CS|TAMS 0x00000000eb600000| PB 0x00000000eb600000| Complete 
| 183|0x00000000eb700000, 0x00000000eb800000, 0x00000000eb800000|100%| E|CS|TAMS 0x00000000eb700000| PB 0x00000000eb700000| Complete 
| 184|0x00000000eb800000, 0x00000000eb900000, 0x00000000eb900000|100%| E|CS|TAMS 0x00000000eb800000| PB 0x00000000eb800000| Complete 
| 185|0x00000000eb900000, 0x00000000eba00000, 0x00000000eba00000|100%| E|CS|TAMS 0x00000000eb900000| PB 0x00000000eb900000| Complete 
| 186|0x00000000eba00000, 0x00000000ebb00000, 0x00000000ebb00000|100%| E|CS|TAMS 0x00000000eba00000| PB 0x00000000eba00000| Complete 
| 187|0x00000000ebb00000, 0x00000000ebc00000, 0x00000000ebc00000|100%| E|CS|TAMS 0x00000000ebb00000| PB 0x00000000ebb00000| Complete 
| 188|0x00000000ebc00000, 0x00000000ebd00000, 0x00000000ebd00000|100%| E|CS|TAMS 0x00000000ebc00000| PB 0x00000000ebc00000| Complete 
| 189|0x00000000ebd00000, 0x00000000ebe00000, 0x00000000ebe00000|100%| E|CS|TAMS 0x00000000ebd00000| PB 0x00000000ebd00000| Complete 
| 190|0x00000000ebe00000, 0x00000000ebf00000, 0x00000000ebf00000|100%| E|CS|TAMS 0x00000000ebe00000| PB 0x00000000ebe00000| Complete 
| 191|0x00000000ebf00000, 0x00000000ec000000, 0x00000000ec000000|100%| E|CS|TAMS 0x00000000ebf00000| PB 0x00000000ebf00000| Complete 
| 192|0x00000000ec000000, 0x00000000ec100000, 0x00000000ec100000|100%| E|CS|TAMS 0x00000000ec000000| PB 0x00000000ec000000| Complete 
| 193|0x00000000ec100000, 0x00000000ec200000, 0x00000000ec200000|100%| E|CS|TAMS 0x00000000ec100000| PB 0x00000000ec100000| Complete 
| 194|0x00000000ec200000, 0x00000000ec300000, 0x00000000ec300000|100%| E|CS|TAMS 0x00000000ec200000| PB 0x00000000ec200000| Complete 
| 195|0x00000000ec300000, 0x00000000ec400000, 0x00000000ec400000|100%| E|CS|TAMS 0x00000000ec300000| PB 0x00000000ec300000| Complete 
| 196|0x00000000ec400000, 0x00000000ec500000, 0x00000000ec500000|100%| E|CS|TAMS 0x00000000ec400000| PB 0x00000000ec400000| Complete 
| 197|0x00000000ec500000, 0x00000000ec600000, 0x00000000ec600000|100%| E|CS|TAMS 0x00000000ec500000| PB 0x00000000ec500000| Complete 
| 198|0x00000000ec600000, 0x00000000ec700000, 0x00000000ec700000|100%| E|CS|TAMS 0x00000000ec600000| PB 0x00000000ec600000| Complete 
| 199|0x00000000ec700000, 0x00000000ec800000, 0x00000000ec800000|100%| E|CS|TAMS 0x00000000ec700000| PB 0x00000000ec700000| Complete 
| 200|0x00000000ec800000, 0x00000000ec900000, 0x00000000ec900000|100%| E|CS|TAMS 0x00000000ec800000| PB 0x00000000ec800000| Complete 
| 201|0x00000000ec900000, 0x00000000eca00000, 0x00000000eca00000|100%| E|CS|TAMS 0x00000000ec900000| PB 0x00000000ec900000| Complete 
| 202|0x00000000eca00000, 0x00000000ecb00000, 0x00000000ecb00000|100%| E|CS|TAMS 0x00000000eca00000| PB 0x00000000eca00000| Complete 
| 203|0x00000000ecb00000, 0x00000000ecc00000, 0x00000000ecc00000|100%| E|CS|TAMS 0x00000000ecb00000| PB 0x00000000ecb00000| Complete 
| 204|0x00000000ecc00000, 0x00000000ecd00000, 0x00000000ecd00000|100%| E|CS|TAMS 0x00000000ecc00000| PB 0x00000000ecc00000| Complete 
| 205|0x00000000ecd00000, 0x00000000ece00000, 0x00000000ece00000|100%| E|CS|TAMS 0x00000000ecd00000| PB 0x00000000ecd00000| Complete 
| 206|0x00000000ece00000, 0x00000000ecf00000, 0x00000000ecf00000|100%| E|CS|TAMS 0x00000000ece00000| PB 0x00000000ece00000| Complete 
| 207|0x00000000ecf00000, 0x00000000ed000000, 0x00000000ed000000|100%| E|CS|TAMS 0x00000000ecf00000| PB 0x00000000ecf00000| Complete 
| 208|0x00000000ed000000, 0x00000000ed100000, 0x00000000ed100000|100%| E|CS|TAMS 0x00000000ed000000| PB 0x00000000ed000000| Complete 
| 209|0x00000000ed100000, 0x00000000ed200000, 0x00000000ed200000|100%| E|CS|TAMS 0x00000000ed100000| PB 0x00000000ed100000| Complete 
| 210|0x00000000ed200000, 0x00000000ed300000, 0x00000000ed300000|100%| E|CS|TAMS 0x00000000ed200000| PB 0x00000000ed200000| Complete 
| 211|0x00000000ed300000, 0x00000000ed400000, 0x00000000ed400000|100%| E|CS|TAMS 0x00000000ed300000| PB 0x00000000ed300000| Complete 
| 212|0x00000000ed400000, 0x00000000ed500000, 0x00000000ed500000|100%| E|CS|TAMS 0x00000000ed400000| PB 0x00000000ed400000| Complete 
| 213|0x00000000ed500000, 0x00000000ed600000, 0x00000000ed600000|100%| E|CS|TAMS 0x00000000ed500000| PB 0x00000000ed500000| Complete 
| 214|0x00000000ed600000, 0x00000000ed700000, 0x00000000ed700000|100%| E|CS|TAMS 0x00000000ed600000| PB 0x00000000ed600000| Complete 
| 215|0x00000000ed700000, 0x00000000ed800000, 0x00000000ed800000|100%| E|CS|TAMS 0x00000000ed700000| PB 0x00000000ed700000| Complete 
| 216|0x00000000ed800000, 0x00000000ed900000, 0x00000000ed900000|100%| E|CS|TAMS 0x00000000ed800000| PB 0x00000000ed800000| Complete 
| 217|0x00000000ed900000, 0x00000000eda00000, 0x00000000eda00000|100%| E|CS|TAMS 0x00000000ed900000| PB 0x00000000ed900000| Complete 
| 218|0x00000000eda00000, 0x00000000edb00000, 0x00000000edb00000|100%| E|CS|TAMS 0x00000000eda00000| PB 0x00000000eda00000| Complete 
| 219|0x00000000edb00000, 0x00000000edc00000, 0x00000000edc00000|100%| E|CS|TAMS 0x00000000edb00000| PB 0x00000000edb00000| Complete 
| 220|0x00000000edc00000, 0x00000000edd00000, 0x00000000edd00000|100%| E|CS|TAMS 0x00000000edc00000| PB 0x00000000edc00000| Complete 
| 221|0x00000000edd00000, 0x00000000ede00000, 0x00000000ede00000|100%| E|CS|TAMS 0x00000000edd00000| PB 0x00000000edd00000| Complete 
| 222|0x00000000ede00000, 0x00000000edf00000, 0x00000000edf00000|100%| E|CS|TAMS 0x00000000ede00000| PB 0x00000000ede00000| Complete 
| 223|0x00000000edf00000, 0x00000000ee000000, 0x00000000ee000000|100%| E|CS|TAMS 0x00000000edf00000| PB 0x00000000edf00000| Complete 
| 224|0x00000000ee000000, 0x00000000ee100000, 0x00000000ee100000|100%| E|CS|TAMS 0x00000000ee000000| PB 0x00000000ee000000| Complete 
| 225|0x00000000ee100000, 0x00000000ee200000, 0x00000000ee200000|100%| E|CS|TAMS 0x00000000ee100000| PB 0x00000000ee100000| Complete 
| 226|0x00000000ee200000, 0x00000000ee300000, 0x00000000ee300000|100%| E|CS|TAMS 0x00000000ee200000| PB 0x00000000ee200000| Complete 
| 227|0x00000000ee300000, 0x00000000ee400000, 0x00000000ee400000|100%| E|CS|TAMS 0x00000000ee300000| PB 0x00000000ee300000| Complete 
| 228|0x00000000ee400000, 0x00000000ee500000, 0x00000000ee500000|100%| E|CS|TAMS 0x00000000ee400000| PB 0x00000000ee400000| Complete 
| 229|0x00000000ee500000, 0x00000000ee600000, 0x00000000ee600000|100%| E|CS|TAMS 0x00000000ee500000| PB 0x00000000ee500000| Complete 
| 230|0x00000000ee600000, 0x00000000ee700000, 0x00000000ee700000|100%| E|CS|TAMS 0x00000000ee600000| PB 0x00000000ee600000| Complete 
| 231|0x00000000ee700000, 0x00000000ee800000, 0x00000000ee800000|100%| E|CS|TAMS 0x00000000ee700000| PB 0x00000000ee700000| Complete 
| 232|0x00000000ee800000, 0x00000000ee900000, 0x00000000ee900000|100%| E|CS|TAMS 0x00000000ee800000| PB 0x00000000ee800000| Complete 
| 233|0x00000000ee900000, 0x00000000eea00000, 0x00000000eea00000|100%| E|CS|TAMS 0x00000000ee900000| PB 0x00000000ee900000| Complete 
| 234|0x00000000eea00000, 0x00000000eeb00000, 0x00000000eeb00000|100%| E|CS|TAMS 0x00000000eea00000| PB 0x00000000eea00000| Complete 
| 235|0x00000000eeb00000, 0x00000000eec00000, 0x00000000eec00000|100%| E|CS|TAMS 0x00000000eeb00000| PB 0x00000000eeb00000| Complete 
| 236|0x00000000eec00000, 0x00000000eed00000, 0x00000000eed00000|100%| E|CS|TAMS 0x00000000eec00000| PB 0x00000000eec00000| Complete 
| 237|0x00000000eed00000, 0x00000000eee00000, 0x00000000eee00000|100%| E|CS|TAMS 0x00000000eed00000| PB 0x00000000eed00000| Complete 
| 238|0x00000000eee00000, 0x00000000eef00000, 0x00000000eef00000|100%| E|CS|TAMS 0x00000000eee00000| PB 0x00000000eee00000| Complete 
| 239|0x00000000eef00000, 0x00000000ef000000, 0x00000000ef000000|100%| E|CS|TAMS 0x00000000eef00000| PB 0x00000000eef00000| Complete 
| 240|0x00000000ef000000, 0x00000000ef100000, 0x00000000ef100000|100%| E|CS|TAMS 0x00000000ef000000| PB 0x00000000ef000000| Complete 
| 241|0x00000000ef100000, 0x00000000ef200000, 0x00000000ef200000|100%| E|CS|TAMS 0x00000000ef100000| PB 0x00000000ef100000| Complete 
| 242|0x00000000ef200000, 0x00000000ef300000, 0x00000000ef300000|100%| E|CS|TAMS 0x00000000ef200000| PB 0x00000000ef200000| Complete 
| 243|0x00000000ef300000, 0x00000000ef400000, 0x00000000ef400000|100%| E|CS|TAMS 0x00000000ef300000| PB 0x00000000ef300000| Complete 
| 244|0x00000000ef400000, 0x00000000ef500000, 0x00000000ef500000|100%| E|CS|TAMS 0x00000000ef400000| PB 0x00000000ef400000| Complete 
| 245|0x00000000ef500000, 0x00000000ef600000, 0x00000000ef600000|100%| E|CS|TAMS 0x00000000ef500000| PB 0x00000000ef500000| Complete 
| 246|0x00000000ef600000, 0x00000000ef700000, 0x00000000ef700000|100%| E|CS|TAMS 0x00000000ef600000| PB 0x00000000ef600000| Complete 
| 247|0x00000000ef700000, 0x00000000ef800000, 0x00000000ef800000|100%| E|CS|TAMS 0x00000000ef700000| PB 0x00000000ef700000| Complete 
| 248|0x00000000ef800000, 0x00000000ef900000, 0x00000000ef900000|100%| E|CS|TAMS 0x00000000ef800000| PB 0x00000000ef800000| Complete 
| 249|0x00000000ef900000, 0x00000000efa00000, 0x00000000efa00000|100%| E|CS|TAMS 0x00000000ef900000| PB 0x00000000ef900000| Complete 
| 250|0x00000000efa00000, 0x00000000efb00000, 0x00000000efb00000|100%| E|CS|TAMS 0x00000000efa00000| PB 0x00000000efa00000| Complete 
| 251|0x00000000efb00000, 0x00000000efc00000, 0x00000000efc00000|100%| E|CS|TAMS 0x00000000efb00000| PB 0x00000000efb00000| Complete 
| 252|0x00000000efc00000, 0x00000000efd00000, 0x00000000efd00000|100%| E|CS|TAMS 0x00000000efc00000| PB 0x00000000efc00000| Complete 
| 253|0x00000000efd00000, 0x00000000efe00000, 0x00000000efe00000|100%| E|CS|TAMS 0x00000000efd00000| PB 0x00000000efd00000| Complete 
| 254|0x00000000efe00000, 0x00000000eff00000, 0x00000000eff00000|100%| E|CS|TAMS 0x00000000efe00000| PB 0x00000000efe00000| Complete 
| 255|0x00000000eff00000, 0x00000000f0000000, 0x00000000f0000000|100%| E|CS|TAMS 0x00000000eff00000| PB 0x00000000eff00000| Complete 

Card table byte_map: [0x0000017320120000,0x0000017320220000] _byte_map_base: 0x000001731fa20000

Marking Bits: (CMBitMap*) 0x00000173066fc530
 Bits: [0x0000017320220000, 0x0000017320a20000)

Polling page: 0x00000173067a0000

Metaspace:

Usage:
  Non-class:     48.48 MB used.
      Class:      8.14 MB used.
       Both:     56.62 MB used.

Virtual space:
  Non-class space:       64.00 MB reserved,      49.38 MB ( 77%) committed,  1 nodes.
      Class space:      320.00 MB reserved,       9.00 MB (  3%) committed,  1 nodes.
             Both:      384.00 MB reserved,      58.38 MB ( 15%) committed. 

Chunk freelists:
   Non-Class:  13.94 MB
       Class:  7.00 MB
        Both:  20.94 MB

MaxMetaspaceSize: 384.00 MB
CompressedClassSpaceSize: 320.00 MB
Initial GC threshold: 21.00 MB
Current GC threshold: 59.81 MB
CDS: on
 - commit_granule_bytes: 65536.
 - commit_granule_words: 8192.
 - virtual_space_node_default_size: 8388608.
 - enlarge_chunks_in_place: 1.
 - use_allocation_guard: 0.


Internal statistics:

num_allocs_failed_limit: 12.
num_arena_births: 3074.
num_arena_deaths: 0.
num_vsnodes_births: 2.
num_vsnodes_deaths: 0.
num_space_committed: 934.
num_space_uncommitted: 0.
num_chunks_returned_to_freelist: 12.
num_chunks_taken_from_freelist: 5802.
num_chunk_merges: 6.
num_chunk_splits: 3744.
num_chunks_enlarged: 2295.
num_inconsistent_stats: 0.

CodeHeap 'non-profiled nmethods': size=120000Kb used=3342Kb max_used=3342Kb free=116658Kb
 bounds [0x0000017318090000, 0x00000173183e0000, 0x000001731f5c0000]
CodeHeap 'profiled nmethods': size=120000Kb used=12499Kb max_used=12499Kb free=107500Kb
 bounds [0x00000173105c0000, 0x0000017311200000, 0x0000017317af0000]
CodeHeap 'non-nmethods': size=5760Kb used=2751Kb max_used=2785Kb free=3008Kb
 bounds [0x0000017317af0000, 0x0000017317db0000, 0x0000017318090000]
 total_blobs=7123 nmethods=6246 adapters=781
 compilation: enabled
              stopped_count=0, restarted_count=0
 full_count=0

Compilation events (20 events):
Event: 22.661 Thread 0x0000017323548e60 6691       2       groovyjarjarantlr4.v4.runtime.BailErrorStrategy::sync (1 bytes)
Event: 22.661 Thread 0x0000017323548e60 nmethod 6691 0x00000173111deb90 code [0x00000173111ded20, 0x00000173111dee28]
Event: 22.667 Thread 0x0000017323548e60 6692       2       groovyjarjarantlr4.v4.runtime.dfa.DFAState::setTarget (14 bytes)
Event: 22.667 Thread 0x0000017323548e60 nmethod 6692 0x00000173111dee90 code [0x00000173111df040, 0x00000173111df1d8]
Event: 22.669 Thread 0x0000017323548e60 6693   !   2       java.util.concurrent.ConcurrentHashMap::putVal (432 bytes)
Event: 22.671 Thread 0x0000017323548e60 nmethod 6693 0x00000173111df290 code [0x00000173111df560, 0x00000173111e04d0]
Event: 22.671 Thread 0x0000017323548e60 6694       2       java.util.TimSort::reverseRange (32 bytes)
Event: 22.671 Thread 0x0000017323548e60 nmethod 6694 0x00000173111e0d90 code [0x00000173111e0f40, 0x00000173111e1280]
Event: 22.671 Thread 0x0000017323548e60 6695       2       java.util.TimSort::mergeAt (358 bytes)
Event: 22.672 Thread 0x0000017323548e60 nmethod 6695 0x00000173111e1410 code [0x00000173111e1620, 0x00000173111e1a80]
Event: 22.672 Thread 0x0000017323548e60 6696       2       java.util.TimSort::ensureCapacity (77 bytes)
Event: 22.672 Thread 0x0000017323548e60 nmethod 6696 0x00000173111e1d90 code [0x00000173111e1f60, 0x00000173111e2228]
Event: 22.682 Thread 0x0000017323548e60 6697       2       java.util.HashMap::replacementTreeNode (21 bytes)
Event: 22.682 Thread 0x0000017323548e60 nmethod 6697 0x00000173111e2390 code [0x00000173111e2540, 0x00000173111e26f8]
Event: 22.684 Thread 0x0000017323548e60 6698       2       groovyjarjarantlr4.v4.runtime.atn.SemanticContext$OR::<init> (140 bytes)
Event: 22.685 Thread 0x0000017323548e60 nmethod 6698 0x00000173111e2810 code [0x00000173111e2aa0, 0x00000173111e34b0]
Event: 22.685 Thread 0x0000017323548e60 6699       2       groovyjarjarantlr4.v4.runtime.atn.SemanticContext$Operator::<init> (5 bytes)
Event: 22.685 Thread 0x0000017323548e60 nmethod 6699 0x00000173111e3910 code [0x00000173111e3aa0, 0x00000173111e3ba8]
Event: 22.685 Thread 0x0000017323548e60 6700       2       groovyjarjarantlr4.v4.runtime.atn.SemanticContext::access$000 (5 bytes)
Event: 22.685 Thread 0x0000017323548e60 nmethod 6700 0x00000173111e3c90 code [0x00000173111e3e20, 0x00000173111e3f20]

GC Heap History (16 events):
Event: 2.841 GC heap before
{Heap before GC invocations=0 (full 0):
 garbage-first heap   total 262144K, used 22528K [0x00000000e0000000, 0x0000000100000000)
  region size 1024K, 23 young (23552K), 0 survivors (0K)
 Metaspace       used 1132K, committed 1280K, reserved 393216K
  class space    used 82K, committed 128K, reserved 327680K
}
Event: 2.849 GC heap after
{Heap after GC invocations=1 (full 0):
 garbage-first heap   total 262144K, used 4735K [0x00000000e0000000, 0x0000000100000000)
  region size 1024K, 3 young (3072K), 3 survivors (3072K)
 Metaspace       used 1132K, committed 1280K, reserved 393216K
  class space    used 82K, committed 128K, reserved 327680K
}
Event: 6.090 GC heap before
{Heap before GC invocations=1 (full 0):
 garbage-first heap   total 262144K, used 40575K [0x00000000e0000000, 0x0000000100000000)
  region size 1024K, 35 young (35840K), 3 survivors (3072K)
 Metaspace       used 4454K, committed 4608K, reserved 393216K
  class space    used 546K, committed 640K, reserved 327680K
}
Event: 6.096 GC heap after
{Heap after GC invocations=2 (full 0):
 garbage-first heap   total 262144K, used 12501K [0x00000000e0000000, 0x0000000100000000)
  region size 1024K, 4 young (4096K), 4 survivors (4096K)
 Metaspace       used 4454K, committed 4608K, reserved 393216K
  class space    used 546K, committed 640K, reserved 327680K
}
Event: 8.239 GC heap before
{Heap before GC invocations=2 (full 0):
 garbage-first heap   total 262144K, used 59605K [0x00000000e0000000, 0x0000000100000000)
  region size 1024K, 48 young (49152K), 4 survivors (4096K)
 Metaspace       used 5647K, committed 5888K, reserved 393216K
  class space    used 731K, committed 832K, reserved 327680K
}
Event: 8.244 GC heap after
{Heap after GC invocations=3 (full 0):
 garbage-first heap   total 262144K, used 18219K [0x00000000e0000000, 0x0000000100000000)
  region size 1024K, 5 young (5120K), 5 survivors (5120K)
 Metaspace       used 5647K, committed 5888K, reserved 393216K
  class space    used 731K, committed 832K, reserved 327680K
}
Event: 12.933 GC heap before
{Heap before GC invocations=3 (full 0):
 garbage-first heap   total 262144K, used 102187K [0x00000000e0000000, 0x0000000100000000)
  region size 1024K, 88 young (90112K), 5 survivors (5120K)
 Metaspace       used 20895K, committed 21504K, reserved 393216K
  class space    used 3000K, committed 3328K, reserved 327680K
}
Event: 12.943 GC heap after
{Heap after GC invocations=4 (full 0):
 garbage-first heap   total 262144K, used 25510K [0x00000000e0000000, 0x0000000100000000)
  region size 1024K, 12 young (12288K), 12 survivors (12288K)
 Metaspace       used 20895K, committed 21504K, reserved 393216K
  class space    used 3000K, committed 3328K, reserved 327680K
}
Event: 16.325 GC heap before
{Heap before GC invocations=5 (full 0):
 garbage-first heap   total 262144K, used 141222K [0x00000000e0000000, 0x0000000100000000)
  region size 1024K, 115 young (117760K), 12 survivors (12288K)
 Metaspace       used 34675K, committed 35968K, reserved 393216K
  class space    used 5161K, committed 5824K, reserved 327680K
}
Event: 16.338 GC heap after
{Heap after GC invocations=6 (full 0):
 garbage-first heap   total 262144K, used 45412K [0x00000000e0000000, 0x0000000100000000)
  region size 1024K, 16 young (16384K), 16 survivors (16384K)
 Metaspace       used 34675K, committed 35968K, reserved 393216K
  class space    used 5161K, committed 5824K, reserved 327680K
}
Event: 16.431 GC heap before
{Heap before GC invocations=6 (full 0):
 garbage-first heap   total 262144K, used 45412K [0x00000000e0000000, 0x0000000100000000)
  region size 1024K, 17 young (17408K), 16 survivors (16384K)
 Metaspace       used 35029K, committed 36288K, reserved 393216K
  class space    used 5194K, committed 5824K, reserved 327680K
}
Event: 16.442 GC heap after
{Heap after GC invocations=7 (full 0):
 garbage-first heap   total 262144K, used 44405K [0x00000000e0000000, 0x0000000100000000)
  region size 1024K, 9 young (9216K), 9 survivors (9216K)
 Metaspace       used 35029K, committed 36288K, reserved 393216K
  class space    used 5194K, committed 5824K, reserved 327680K
}
Event: 16.468 GC heap before
{Heap before GC invocations=7 (full 0):
 garbage-first heap   total 262144K, used 44405K [0x00000000e0000000, 0x0000000100000000)
  region size 1024K, 10 young (10240K), 9 survivors (9216K)
 Metaspace       used 35318K, committed 36608K, reserved 393216K
  class space    used 5229K, committed 5888K, reserved 327680K
}
Event: 16.473 GC heap after
{Heap after GC invocations=8 (full 0):
 garbage-first heap   total 262144K, used 44706K [0x00000000e0000000, 0x0000000100000000)
  region size 1024K, 9 young (9216K), 9 survivors (9216K)
 Metaspace       used 35318K, committed 36608K, reserved 393216K
  class space    used 5229K, committed 5888K, reserved 327680K
}
Event: 20.413 GC heap before
{Heap before GC invocations=9 (full 0):
 garbage-first heap   total 262144K, used 210594K [0x00000000e0000000, 0x0000000100000000)
  region size 1024K, 153 young (156672K), 9 survivors (9216K)
 Metaspace       used 50999K, committed 52544K, reserved 393216K
  class space    used 7295K, committed 8064K, reserved 327680K
}
Event: 20.430 GC heap after
{Heap after GC invocations=10 (full 0):
 garbage-first heap   total 262144K, used 69382K [0x00000000e0000000, 0x0000000100000000)
  region size 1024K, 20 young (20480K), 20 survivors (20480K)
 Metaspace       used 50999K, committed 52544K, reserved 393216K
  class space    used 7295K, committed 8064K, reserved 327680K
}

Dll operation events (15 events):
Event: 0.333 Loaded shared library C:\Program Files\Eclipse Adoptium\jdk-21.0.4.7-hotspot\bin\java.dll
Event: 0.587 Loaded shared library C:\Program Files\Eclipse Adoptium\jdk-21.0.4.7-hotspot\bin\jsvml.dll
Event: 0.777 Loaded shared library C:\Program Files\Eclipse Adoptium\jdk-21.0.4.7-hotspot\bin\zip.dll
Event: 0.804 Loaded shared library C:\Program Files\Eclipse Adoptium\jdk-21.0.4.7-hotspot\bin\instrument.dll
Event: 0.993 Loaded shared library C:\Program Files\Eclipse Adoptium\jdk-21.0.4.7-hotspot\bin\net.dll
Event: 1.000 Loaded shared library C:\Program Files\Eclipse Adoptium\jdk-21.0.4.7-hotspot\bin\nio.dll
Event: 1.006 Loaded shared library C:\Program Files\Eclipse Adoptium\jdk-21.0.4.7-hotspot\bin\zip.dll
Event: 2.429 Loaded shared library C:\Program Files\Eclipse Adoptium\jdk-21.0.4.7-hotspot\bin\jimage.dll
Event: 3.251 Loaded shared library C:\Program Files\Eclipse Adoptium\jdk-21.0.4.7-hotspot\bin\verify.dll
Event: 3.629 Loaded shared library C:\Users\SAMSUNG\.gradle\native\c067742578af261105cb4f569cf0c3c89f3d7b1fecec35dd04571415982c5e48\windows-amd64\native-platform.dll
Event: 3.663 Loaded shared library C:\Users\SAMSUNG\.gradle\native\100fb08df4bc3b14c8652ba06237920a3bd2aa13389f12d3474272988ae205f9\windows-amd64\native-platform-file-events.dll
Event: 8.402 Loaded shared library C:\Program Files\Eclipse Adoptium\jdk-21.0.4.7-hotspot\bin\management.dll
Event: 8.418 Loaded shared library C:\Program Files\Eclipse Adoptium\jdk-21.0.4.7-hotspot\bin\management_ext.dll
Event: 8.941 Loaded shared library C:\Program Files\Eclipse Adoptium\jdk-21.0.4.7-hotspot\bin\extnet.dll
Event: 10.993 Loaded shared library C:\Program Files\Eclipse Adoptium\jdk-21.0.4.7-hotspot\bin\sunmscapi.dll

Deoptimization events (20 events):
Event: 22.594 Thread 0x000001733e6340e0 Uncommon trap: trap_request=0xffffffc6 fr.pc=0x00000173183cc638 relative=0x0000000000002138
Event: 22.594 Thread 0x000001733e6340e0 Uncommon trap: reason=bimorphic_or_optimized_type_check action=maybe_recompile pc=0x00000173183cc638 method=groovyjarjarantlr4.v4.runtime.atn.ParserATNSimulator.closure(Lgroovyjarjarantlr4/v4/runtime/atn/ATNConfig;Lgroovyjarjarantlr4/v4/runtime/atn/ATNCon
Event: 22.594 Thread 0x000001733e6340e0 DEOPT PACKING pc=0x00000173183cc638 sp=0x00000011bf7f4720
Event: 22.594 Thread 0x000001733e6340e0 DEOPT UNPACKING pc=0x0000017317b446a2 sp=0x00000011bf7f46d8 mode 2
Event: 22.614 Thread 0x000001733e6340e0 Uncommon trap: trap_request=0xffffffc6 fr.pc=0x000001731835af60 relative=0x00000000000012a0
Event: 22.614 Thread 0x000001733e6340e0 Uncommon trap: reason=bimorphic_or_optimized_type_check action=maybe_recompile pc=0x000001731835af60 method=java.util.concurrent.ConcurrentHashMap.putVal(Ljava/lang/Object;Ljava/lang/Object;Z)Ljava/lang/Object; @ 159 c2
Event: 22.614 Thread 0x000001733e6340e0 DEOPT PACKING pc=0x000001731835af60 sp=0x00000011bf7f54e0
Event: 22.614 Thread 0x000001733e6340e0 DEOPT UNPACKING pc=0x0000017317b446a2 sp=0x00000011bf7f5470 mode 2
Event: 22.633 Thread 0x000001733e6340e0 Uncommon trap: trap_request=0xffffffc6 fr.pc=0x000001731835af60 relative=0x00000000000012a0
Event: 22.633 Thread 0x000001733e6340e0 Uncommon trap: reason=bimorphic_or_optimized_type_check action=maybe_recompile pc=0x000001731835af60 method=java.util.concurrent.ConcurrentHashMap.putVal(Ljava/lang/Object;Ljava/lang/Object;Z)Ljava/lang/Object; @ 159 c2
Event: 22.633 Thread 0x000001733e6340e0 DEOPT PACKING pc=0x000001731835af60 sp=0x00000011bf7f4ee0
Event: 22.633 Thread 0x000001733e6340e0 DEOPT UNPACKING pc=0x0000017317b446a2 sp=0x00000011bf7f4e70 mode 2
Event: 22.653 Thread 0x000001733e6340e0 Uncommon trap: trap_request=0xffffffc6 fr.pc=0x000001731835af60 relative=0x00000000000012a0
Event: 22.653 Thread 0x000001733e6340e0 Uncommon trap: reason=bimorphic_or_optimized_type_check action=maybe_recompile pc=0x000001731835af60 method=java.util.concurrent.ConcurrentHashMap.putVal(Ljava/lang/Object;Ljava/lang/Object;Z)Ljava/lang/Object; @ 159 c2
Event: 22.653 Thread 0x000001733e6340e0 DEOPT PACKING pc=0x000001731835af60 sp=0x00000011bf7f46a0
Event: 22.653 Thread 0x000001733e6340e0 DEOPT UNPACKING pc=0x0000017317b446a2 sp=0x00000011bf7f4630 mode 2
Event: 22.667 Thread 0x000001733e6340e0 Uncommon trap: trap_request=0xffffffc6 fr.pc=0x000001731835af60 relative=0x00000000000012a0
Event: 22.667 Thread 0x000001733e6340e0 Uncommon trap: reason=bimorphic_or_optimized_type_check action=maybe_recompile pc=0x000001731835af60 method=java.util.concurrent.ConcurrentHashMap.putVal(Ljava/lang/Object;Ljava/lang/Object;Z)Ljava/lang/Object; @ 159 c2
Event: 22.667 Thread 0x000001733e6340e0 DEOPT PACKING pc=0x000001731835af60 sp=0x00000011bf7f4eb0
Event: 22.667 Thread 0x000001733e6340e0 DEOPT UNPACKING pc=0x0000017317b446a2 sp=0x00000011bf7f4e40 mode 2

Classes loaded (20 events):
Event: 22.310 Loading class java/security/cert/CertificateException done
Event: 22.310 Loading class java/security/cert/CertificateParsingException done
Event: 22.459 Loading class java/util/stream/ReferencePipeline$4
Event: 22.460 Loading class java/util/stream/ReferencePipeline$4 done
Event: 22.461 Loading class java/util/stream/SortedOps$OfInt
Event: 22.461 Loading class java/util/stream/IntPipeline$StatefulOp
Event: 22.462 Loading class java/util/stream/IntPipeline$StatefulOp done
Event: 22.462 Loading class java/util/stream/SortedOps$OfInt done
Event: 22.463 Loading class java/util/stream/Nodes$IntFixedNodeBuilder
Event: 22.463 Loading class java/util/stream/Node$Builder$OfInt
Event: 22.463 Loading class java/util/stream/Node$Builder$OfInt done
Event: 22.463 Loading class java/util/stream/Nodes$IntArrayNode
Event: 22.464 Loading class java/util/stream/Nodes$IntArrayNode done
Event: 22.464 Loading class java/util/stream/Nodes$IntFixedNodeBuilder done
Event: 22.465 Loading class java/util/stream/SortedOps$SizedIntSortingSink
Event: 22.465 Loading class java/util/stream/SortedOps$AbstractIntSortingSink
Event: 22.466 Loading class java/util/stream/SortedOps$AbstractIntSortingSink done
Event: 22.466 Loading class java/util/stream/SortedOps$SizedIntSortingSink done
Event: 22.466 Loading class java/util/stream/ReferencePipeline$4$1
Event: 22.466 Loading class java/util/stream/ReferencePipeline$4$1 done

Classes unloaded (0 events):
No events

Classes redefined (0 events):
No events

Internal exceptions (20 events):
Event: 21.771 Thread 0x000001733e6340e0 Exception <a 'java/lang/ClassNotFoundException'{0x00000000ed6d1018}: org/gradle/api/internal/project/DefaultProjectBeanInfo> (0x00000000ed6d1018) 
thrown [s\src\hotspot\share\classfile\systemDictionary.cpp, line 312]
Event: 21.771 Thread 0x000001733e6340e0 Exception <a 'java/lang/ClassNotFoundException'{0x00000000ed6da5b0}: org/gradle/api/internal/project/DefaultProjectCustomizer> (0x00000000ed6da5b0) 
thrown [s\src\hotspot\share\classfile\systemDictionary.cpp, line 312]
Event: 21.789 Thread 0x000001733e6340e0 Exception <a 'java/lang/ClassNotFoundException'{0x00000000ed5967b8}: org/gradle/api/internal/project/DefaultProject_DecoratedCustomizer> (0x00000000ed5967b8) 
thrown [s\src\hotspot\share\classfile\systemDictionary.cpp, line 312]
Event: 21.961 Thread 0x000001733e6340e0 Exception <a 'java/lang/ClassNotFoundException'{0x00000000ed074540}: IdeaPluginConfiguratorBeanInfo> (0x00000000ed074540) 
thrown [s\src\hotspot\share\classfile\systemDictionary.cpp, line 312]
Event: 21.964 Thread 0x000001733e6340e0 Exception <a 'java/lang/ClassNotFoundException'{0x00000000ed07e870}: IdeaPluginConfiguratorCustomizer> (0x00000000ed07e870) 
thrown [s\src\hotspot\share\classfile\systemDictionary.cpp, line 312]
Event: 21.980 Thread 0x000001733e6340e0 Exception <a 'java/lang/ClassNotFoundException'{0x00000000ece1f940}: org/gradle/api/internal/plugins/DefaultPluginContainerBeanInfo> (0x00000000ece1f940) 
thrown [s\src\hotspot\share\classfile\systemDictionary.cpp, line 312]
Event: 21.980 Thread 0x000001733e6340e0 Exception <a 'java/lang/ClassNotFoundException'{0x00000000ece29010}: org/gradle/api/internal/plugins/DefaultPluginCollectionBeanInfo> (0x00000000ece29010) 
thrown [s\src\hotspot\share\classfile\systemDictionary.cpp, line 312]
Event: 21.981 Thread 0x000001733e6340e0 Exception <a 'java/lang/ClassNotFoundException'{0x00000000ece32a90}: org/gradle/api/internal/DefaultDomainObjectSetBeanInfo> (0x00000000ece32a90) 
thrown [s\src\hotspot\share\classfile\systemDictionary.cpp, line 312]
Event: 21.982 Thread 0x000001733e6340e0 Exception <a 'java/lang/ClassNotFoundException'{0x00000000ece3d0d0}: org/gradle/api/internal/DefaultDomainObjectCollectionBeanInfo> (0x00000000ece3d0d0) 
thrown [s\src\hotspot\share\classfile\systemDictionary.cpp, line 312]
Event: 21.982 Thread 0x000001733e6340e0 Exception <a 'java/lang/ClassNotFoundException'{0x00000000ece42cc8}: java/util/AbstractCollectionBeanInfo> (0x00000000ece42cc8) 
thrown [s\src\hotspot\share\classfile\systemDictionary.cpp, line 312]
Event: 21.983 Thread 0x000001733e6340e0 Exception <a 'java/lang/ClassNotFoundException'{0x00000000ece48b38}: java/util/AbstractCollectionCustomizer> (0x00000000ece48b38) 
thrown [s\src\hotspot\share\classfile\systemDictionary.cpp, line 312]
Event: 21.985 Thread 0x000001733e6340e0 Exception <a 'java/lang/ClassNotFoundException'{0x00000000ece62ae8}: org/gradle/api/internal/DefaultDomainObjectCollectionCustomizer> (0x00000000ece62ae8) 
thrown [s\src\hotspot\share\classfile\systemDictionary.cpp, line 312]
Event: 21.988 Thread 0x000001733e6340e0 Exception <a 'java/lang/ClassNotFoundException'{0x00000000ece920d8}: org/gradle/api/internal/DefaultDomainObjectSetCustomizer> (0x00000000ece920d8) 
thrown [s\src\hotspot\share\classfile\systemDictionary.cpp, line 312]
Event: 21.990 Thread 0x000001733e6340e0 Exception <a 'java/lang/ClassNotFoundException'{0x00000000eceb5678}: org/gradle/api/internal/plugins/DefaultPluginCollectionCustomizer> (0x00000000eceb5678) 
thrown [s\src\hotspot\share\classfile\systemDictionary.cpp, line 312]
Event: 21.994 Thread 0x000001733e6340e0 Exception <a 'java/lang/ClassNotFoundException'{0x00000000ecef7360}: org/gradle/api/internal/plugins/DefaultPluginContainerCustomizer> (0x00000000ecef7360) 
thrown [s\src\hotspot\share\classfile\systemDictionary.cpp, line 312]
Event: 22.141 Thread 0x000001733e6340e0 Exception <a 'java/lang/NoSuchMethodError'{0x00000000ec9be790}: 'long java.lang.invoke.DirectMethodHandle$Holder.invokeStatic(java.lang.Object, long)'> (0x00000000ec9be790) 
thrown [s\src\hotspot\share\interpreter\linkResolver.cpp, line 773]
Event: 22.207 Thread 0x000001733e6340e0 Exception <a 'java/lang/NoSuchMethodError'{0x00000000ec648d78}: 'java.lang.Object java.lang.invoke.DirectMethodHandle$Holder.invokeInterface(java.lang.Object, java.lang.Object, int)'> (0x00000000ec648d78) 
thrown [s\src\hotspot\share\interpreter\linkResolver.cpp, line 773]
Event: 22.286 Thread 0x000001733e6340e0 Exception <a 'java/lang/NoSuchMethodError'{0x00000000ec4171e0}: 'java.lang.Object java.lang.invoke.DirectMethodHandle$Holder.invokeVirtual(java.lang.Object, java.lang.Object, java.lang.Object, java.lang.Object, java.lang.Object, java.lang.Object, java.lang.Object, java.lang.Object, java.lang.Object, java.lang.Object, java.lang.Object, java.lang.Object, java.lang.Object, java.lang.Object, java.lang.Object, java.lang.Object, java.lang.Object)'> (0x00000000ec4171e0) 
thrown [s\src\hotspot\share\interpreter\li
Event: 22.287 Thread 0x000001733e6340e0 Exception <a 'java/lang/NoSuchMethodError'{0x00000000ec41d110}: 'java.lang.Object java.lang.invoke.DirectMethodHandle$Holder.invokeSpecial(java.lang.Object, java.lang.Object, java.lang.Object, java.lang.Object, java.lang.Object, java.lang.Object, java.lang.Object, java.lang.Object, java.lang.Object, java.lang.Object, java.lang.Object, java.lang.Object, java.lang.Object, java.lang.Object, java.lang.Object, java.lang.Object, java.lang.Object, java.lang.Object)'> (0x00000000ec41d110) 
thrown [s\src\hotspot\sh
Event: 22.287 Thread 0x000001733e6340e0 Exception <a 'java/lang/NoSuchMethodError'{0x00000000ec422978}: 'java.lang.Object java.lang.invoke.DelegatingMethodHandle$Holder.reinvoke_L(java.lang.Object, java.lang.Object, java.lang.Object, java.lang.Object, java.lang.Object, java.lang.Object, java.lang.Object, java.lang.Object, java.lang.Object, java.lang.Object, java.lang.Object, java.lang.Object, java.lang.Object, java.lang.Object, java.lang.Object, java.lang.Object, java.lang.Object)'> (0x00000000ec422978) 
thrown [s\src\hotspot\share\interpreter\l

ZGC Phase Switch (0 events):
No events

VM Operations (20 events):
Event: 19.995 Executing VM operation: ICBufferFull
Event: 19.996 Executing VM operation: ICBufferFull done
Event: 20.413 Executing VM operation: G1CollectForAllocation (G1 Evacuation Pause)
Event: 20.430 Executing VM operation: G1CollectForAllocation (G1 Evacuation Pause) done
Event: 20.484 Executing VM operation: HandshakeAllThreads (Deoptimize)
Event: 20.484 Executing VM operation: HandshakeAllThreads (Deoptimize) done
Event: 20.553 Executing VM operation: HandshakeAllThreads (Deoptimize)
Event: 20.554 Executing VM operation: HandshakeAllThreads (Deoptimize) done
Event: 20.936 Executing VM operation: ICBufferFull
Event: 20.936 Executing VM operation: ICBufferFull done
Event: 21.135 Executing VM operation: HandshakeAllThreads (Deoptimize)
Event: 21.135 Executing VM operation: HandshakeAllThreads (Deoptimize) done
Event: 21.464 Executing VM operation: HandshakeAllThreads (Deoptimize)
Event: 21.464 Executing VM operation: HandshakeAllThreads (Deoptimize) done
Event: 21.631 Executing VM operation: HandshakeAllThreads (Deoptimize)
Event: 21.631 Executing VM operation: HandshakeAllThreads (Deoptimize) done
Event: 21.806 Executing VM operation: ICBufferFull
Event: 21.806 Executing VM operation: ICBufferFull done
Event: 22.576 Executing VM operation: ICBufferFull
Event: 22.577 Executing VM operation: ICBufferFull done

Memory protections (0 events):
No events

Nmethod flushes (20 events):
Event: 16.499 Thread 0x0000017323468b40 flushing  nmethod 0x000001731070d010
Event: 16.499 Thread 0x0000017323468b40 flushing  nmethod 0x000001731070d690
Event: 16.499 Thread 0x0000017323468b40 flushing  nmethod 0x000001731070ec90
Event: 16.499 Thread 0x0000017323468b40 flushing  nmethod 0x0000017310713010
Event: 16.499 Thread 0x0000017323468b40 flushing  nmethod 0x0000017310713f90
Event: 16.499 Thread 0x0000017323468b40 flushing  nmethod 0x000001731074c710
Event: 16.499 Thread 0x0000017323468b40 flushing  nmethod 0x0000017310751a10
Event: 16.499 Thread 0x0000017323468b40 flushing  nmethod 0x0000017310752410
Event: 16.499 Thread 0x0000017323468b40 flushing  nmethod 0x0000017310760c10
Event: 16.499 Thread 0x0000017323468b40 flushing  nmethod 0x0000017310764010
Event: 16.499 Thread 0x0000017323468b40 flushing  nmethod 0x000001731086a010
Event: 16.499 Thread 0x0000017323468b40 flushing  nmethod 0x000001731086b810
Event: 16.499 Thread 0x0000017323468b40 flushing  nmethod 0x000001731086d610
Event: 16.499 Thread 0x0000017323468b40 flushing  nmethod 0x0000017310870e90
Event: 16.499 Thread 0x0000017323468b40 flushing  nmethod 0x00000173109e4190
Event: 16.499 Thread 0x0000017323468b40 flushing  nmethod 0x00000173109ff190
Event: 16.499 Thread 0x0000017323468b40 flushing  nmethod 0x0000017310a3f590
Event: 16.499 Thread 0x0000017323468b40 flushing  nmethod 0x0000017310a3ff10
Event: 16.499 Thread 0x0000017323468b40 flushing  nmethod 0x0000017310a40410
Event: 16.499 Thread 0x0000017323468b40 flushing  nmethod 0x0000017310a43b10

Events (20 events):
Event: 13.690 Thread 0x000001733e6340e0 Thread added: 0x000001733f05d810
Event: 13.691 Thread 0x000001733e6340e0 Thread added: 0x000001733f05f8e0
Event: 14.476 Thread 0x000001733e6340e0 Thread added: 0x000001733f05e530
Event: 14.570 Thread 0x000001733e6340e0 Thread added: 0x000001733f05ff70
Event: 14.817 Thread 0x000001733e6340e0 Thread added: 0x000001733f060600
Event: 14.935 Thread 0x000001733e6340e0 Thread added: 0x000001733f0626d0
Event: 18.338 Thread 0x000001733e6340e0 Thread added: 0x000001733f063a80
Event: 18.339 Thread 0x000001733e6340e0 Thread added: 0x00000173400b8b20
Event: 18.340 Thread 0x000001733e6340e0 Thread added: 0x00000173400b70e0
Event: 18.341 Thread 0x000001733e6340e0 Thread added: 0x00000173400b6a50
Event: 18.342 Thread 0x000001733e6340e0 Thread added: 0x00000173400b7e00
Event: 18.342 Thread 0x000001733e6340e0 Thread added: 0x00000173400b7770
Event: 18.343 Thread 0x000001733e6340e0 Thread added: 0x00000173400b8490
Event: 18.501 Thread 0x000001733e6340e0 Thread added: 0x00000173400b91b0
Event: 18.502 Thread 0x000001733e6340e0 Thread added: 0x00000173400b5d30
Event: 18.503 Thread 0x000001733e6340e0 Thread added: 0x00000173400b63c0
Event: 18.504 Thread 0x000001733e6340e0 Thread added: 0x000001734023be00
Event: 18.504 Thread 0x000001733e6340e0 Thread added: 0x0000017340237c60
Event: 18.505 Thread 0x000001733e6340e0 Thread added: 0x00000173402375d0
Event: 18.506 Thread 0x000001733e6340e0 Thread added: 0x00000173402382f0


Dynamic libraries:
0x00007ff6d8a10000 - 0x00007ff6d8a1e000 	C:\Program Files\Eclipse Adoptium\jdk-21.0.4.7-hotspot\bin\java.exe
0x00007ff941fb0000 - 0x00007ff9421a8000 	C:\WINDOWS\SYSTEM32\ntdll.dll
0x00007ff941ca0000 - 0x00007ff941d62000 	C:\WINDOWS\System32\KERNEL32.DLL
0x00007ff93f6c0000 - 0x00007ff93f9be000 	C:\WINDOWS\System32\KERNELBASE.dll
0x00007ff93f9f0000 - 0x00007ff93faf0000 	C:\WINDOWS\System32\ucrtbase.dll
0x00007ff927130000 - 0x00007ff927148000 	C:\Program Files\Eclipse Adoptium\jdk-21.0.4.7-hotspot\bin\jli.dll
0x00007ff9401a0000 - 0x00007ff94033d000 	C:\WINDOWS\System32\USER32.dll
0x00007ff93f9c0000 - 0x00007ff93f9e2000 	C:\WINDOWS\System32\win32u.dll
0x00007ff941d70000 - 0x00007ff941d9b000 	C:\WINDOWS\System32\GDI32.dll
0x00007ff93fd90000 - 0x00007ff93fea7000 	C:\WINDOWS\System32\gdi32full.dll
0x00007ff93ff30000 - 0x00007ff93ffcd000 	C:\WINDOWS\System32\msvcp_win.dll
0x00007ff930630000 - 0x00007ff9308ca000 	C:\WINDOWS\WinSxS\amd64_microsoft.windows.common-controls_6595b64144ccf1df_6.0.19041.4355_none_60b8b9eb71f62e16\COMCTL32.dll
0x00007ff9411d0000 - 0x00007ff94126e000 	C:\WINDOWS\System32\msvcrt.dll
0x00007ff927030000 - 0x00007ff92704b000 	C:\Program Files\Eclipse Adoptium\jdk-21.0.4.7-hotspot\bin\VCRUNTIME140.dll
0x00007ff9407d0000 - 0x00007ff9407ff000 	C:\WINDOWS\System32\IMM32.DLL
0x00007ff928350000 - 0x00007ff92835c000 	C:\Program Files\Eclipse Adoptium\jdk-21.0.4.7-hotspot\bin\vcruntime140_1.dll
0x00007ff8e3e20000 - 0x00007ff8e3eae000 	C:\Program Files\Eclipse Adoptium\jdk-21.0.4.7-hotspot\bin\msvcp140.dll
0x00007ff88ded0000 - 0x00007ff88ec58000 	C:\Program Files\Eclipse Adoptium\jdk-21.0.4.7-hotspot\bin\server\jvm.dll
0x00007ff941e90000 - 0x00007ff941f42000 	C:\WINDOWS\System32\ADVAPI32.dll
0x00007ff941c00000 - 0x00007ff941ca0000 	C:\WINDOWS\System32\sechost.dll
0x00007ff9410a0000 - 0x00007ff9411c3000 	C:\WINDOWS\System32\RPCRT4.dll
0x00007ff93ff00000 - 0x00007ff93ff27000 	C:\WINDOWS\System32\bcrypt.dll
0x00007ff941950000 - 0x00007ff9419bb000 	C:\WINDOWS\System32\WS2_32.dll
0x00007ff93ebe0000 - 0x00007ff93ec2b000 	C:\WINDOWS\SYSTEM32\POWRPROF.dll
0x00007ff931a30000 - 0x00007ff931a57000 	C:\WINDOWS\SYSTEM32\WINMM.dll
0x00007ff936af0000 - 0x00007ff936afa000 	C:\WINDOWS\SYSTEM32\VERSION.dll
0x00007ff93ea50000 - 0x00007ff93ea62000 	C:\WINDOWS\SYSTEM32\UMPDC.dll
0x00007ff93dea0000 - 0x00007ff93deb2000 	C:\WINDOWS\SYSTEM32\kernel.appcore.dll
0x00007ff928330000 - 0x00007ff92833a000 	C:\Program Files\Eclipse Adoptium\jdk-21.0.4.7-hotspot\bin\jimage.dll
0x00007ff93dba0000 - 0x00007ff93dd84000 	C:\WINDOWS\SYSTEM32\DBGHELP.DLL
0x00007ff91a190000 - 0x00007ff91a1c4000 	C:\WINDOWS\SYSTEM32\dbgcore.DLL
0x00007ff93fd00000 - 0x00007ff93fd82000 	C:\WINDOWS\System32\bcryptPrimitives.dll
0x00007ff9282d0000 - 0x00007ff9282df000 	C:\Program Files\Eclipse Adoptium\jdk-21.0.4.7-hotspot\bin\instrument.dll
0x00007ff91dd20000 - 0x00007ff91dd3f000 	C:\Program Files\Eclipse Adoptium\jdk-21.0.4.7-hotspot\bin\java.dll
0x00007ff940800000 - 0x00007ff940f6f000 	C:\WINDOWS\System32\SHELL32.dll
0x00007ff93d320000 - 0x00007ff93dac4000 	C:\WINDOWS\SYSTEM32\windows.storage.dll
0x00007ff940470000 - 0x00007ff9407c3000 	C:\WINDOWS\System32\combase.dll
0x00007ff93f080000 - 0x00007ff93f0ae000 	C:\WINDOWS\SYSTEM32\Wldp.dll
0x00007ff940040000 - 0x00007ff94010d000 	C:\WINDOWS\System32\OLEAUT32.dll
0x00007ff9403c0000 - 0x00007ff94046d000 	C:\WINDOWS\System32\SHCORE.dll
0x00007ff941ae0000 - 0x00007ff941b35000 	C:\WINDOWS\System32\shlwapi.dll
0x00007ff93f580000 - 0x00007ff93f5a4000 	C:\WINDOWS\SYSTEM32\profapi.dll
0x00007ff8d7910000 - 0x00007ff8d79e7000 	C:\Program Files\Eclipse Adoptium\jdk-21.0.4.7-hotspot\bin\jsvml.dll
0x00007ff91dbf0000 - 0x00007ff91dc08000 	C:\Program Files\Eclipse Adoptium\jdk-21.0.4.7-hotspot\bin\zip.dll
0x00007ff927f30000 - 0x00007ff927f40000 	C:\Program Files\Eclipse Adoptium\jdk-21.0.4.7-hotspot\bin\net.dll
0x00007ff9368c0000 - 0x00007ff9369cd000 	C:\WINDOWS\SYSTEM32\WINHTTP.dll
0x00007ff93ede0000 - 0x00007ff93ee4a000 	C:\WINDOWS\system32\mswsock.dll
0x00007ff91d0f0000 - 0x00007ff91d106000 	C:\Program Files\Eclipse Adoptium\jdk-21.0.4.7-hotspot\bin\nio.dll
0x00007ff927e50000 - 0x00007ff927e60000 	C:\Program Files\Eclipse Adoptium\jdk-21.0.4.7-hotspot\bin\verify.dll
0x00007ff92a000000 - 0x00007ff92a027000 	C:\Users\SAMSUNG\.gradle\native\c067742578af261105cb4f569cf0c3c89f3d7b1fecec35dd04571415982c5e48\windows-amd64\native-platform.dll
0x00007ff8d4540000 - 0x00007ff8d4684000 	C:\Users\SAMSUNG\.gradle\native\100fb08df4bc3b14c8652ba06237920a3bd2aa13389f12d3474272988ae205f9\windows-amd64\native-platform-file-events.dll
0x00007ff927490000 - 0x00007ff92749a000 	C:\Program Files\Eclipse Adoptium\jdk-21.0.4.7-hotspot\bin\management.dll
0x00007ff927370000 - 0x00007ff92737b000 	C:\Program Files\Eclipse Adoptium\jdk-21.0.4.7-hotspot\bin\management_ext.dll
0x00007ff940030000 - 0x00007ff940038000 	C:\WINDOWS\System32\PSAPI.DLL
0x00007ff93efe0000 - 0x00007ff93eff8000 	C:\WINDOWS\SYSTEM32\CRYPTSP.dll
0x00007ff93e690000 - 0x00007ff93e6c4000 	C:\WINDOWS\system32\rsaenh.dll
0x00007ff93f540000 - 0x00007ff93f56e000 	C:\WINDOWS\SYSTEM32\USERENV.dll
0x00007ff93efd0000 - 0x00007ff93efdc000 	C:\WINDOWS\SYSTEM32\CRYPTBASE.dll
0x00007ff93ea70000 - 0x00007ff93eaab000 	C:\WINDOWS\SYSTEM32\IPHLPAPI.DLL
0x00007ff941e80000 - 0x00007ff941e88000 	C:\WINDOWS\System32\NSI.dll
0x00007ff9271c0000 - 0x00007ff9271c9000 	C:\Program Files\Eclipse Adoptium\jdk-21.0.4.7-hotspot\bin\extnet.dll
0x00007ff927090000 - 0x00007ff92709e000 	C:\Program Files\Eclipse Adoptium\jdk-21.0.4.7-hotspot\bin\sunmscapi.dll
0x00007ff93faf0000 - 0x00007ff93fc4c000 	C:\WINDOWS\System32\CRYPT32.dll
0x00007ff93f0f0000 - 0x00007ff93f117000 	C:\WINDOWS\SYSTEM32\ncrypt.dll
0x00007ff93f0b0000 - 0x00007ff93f0eb000 	C:\WINDOWS\SYSTEM32\NTASN1.dll
0x00007ff933b00000 - 0x00007ff933b07000 	C:\WINDOWS\system32\wshunix.dll

dbghelp: loaded successfully - version: 4.0.5 - missing functions: none
symbol engine: initialized successfully - sym options: 0x614 - pdb path: .;C:\Program Files\Eclipse Adoptium\jdk-21.0.4.7-hotspot\bin;C:\WINDOWS\SYSTEM32;C:\WINDOWS\WinSxS\amd64_microsoft.windows.common-controls_6595b64144ccf1df_6.0.19041.4355_none_60b8b9eb71f62e16;C:\Program Files\Eclipse Adoptium\jdk-21.0.4.7-hotspot\bin\server;C:\Users\SAMSUNG\.gradle\native\c067742578af261105cb4f569cf0c3c89f3d7b1fecec35dd04571415982c5e48\windows-amd64;C:\Users\SAMSUNG\.gradle\native\100fb08df4bc3b14c8652ba06237920a3bd2aa13389f12d3474272988ae205f9\windows-amd64

VM Arguments:
jvm_args: --add-opens=java.base/java.util=ALL-UNNAMED --add-opens=java.base/java.lang=ALL-UNNAMED --add-opens=java.base/java.lang.invoke=ALL-UNNAMED --add-opens=java.prefs/java.util.prefs=ALL-UNNAMED --add-exports=jdk.compiler/com.sun.tools.javac.api=ALL-UNNAMED --add-exports=jdk.compiler/com.sun.tools.javac.util=ALL-UNNAMED --add-opens=java.base/java.nio.charset=ALL-UNNAMED --add-opens=java.base/java.net=ALL-UNNAMED --add-opens=java.base/java.util.concurrent.atomic=ALL-UNNAMED -XX:MaxMetaspaceSize=384m -XX:+HeapDumpOnOutOfMemoryError -Xms256m -Xmx512m -Dfile.encoding=UTF-8 -Duser.country=KR -Duser.language=ko -Duser.variant -javaagent:C:\Users\SAMSUNG\.gradle\wrapper\dists\gradle-8.10.2-bin\a04bxjujx95o3nb99gddekhwo\gradle-8.10.2\lib\agents\gradle-instrumentation-agent-8.10.2.jar 
java_command: org.gradle.launcher.daemon.bootstrap.GradleDaemon 8.10.2
java_class_path (initial): C:\Users\SAMSUNG\.gradle\wrapper\dists\gradle-8.10.2-bin\a04bxjujx95o3nb99gddekhwo\gradle-8.10.2\lib\gradle-daemon-main-8.10.2.jar
Launcher Type: SUN_STANDARD

[Global flags]
     intx CICompilerCount                          = 4                                         {product} {ergonomic}
   size_t CompressedClassSpaceSize                 = 335544320                                 {product} {ergonomic}
     uint ConcGCThreads                            = 2                                         {product} {ergonomic}
     uint G1ConcRefinementThreads                  = 8                                         {product} {ergonomic}
   size_t G1HeapRegionSize                         = 1048576                                   {product} {ergonomic}
    uintx GCDrainStackTargetSize                   = 64                                        {product} {ergonomic}
     bool HeapDumpOnOutOfMemoryError               = true                                   {manageable} {command line}
   size_t InitialHeapSize                          = 268435456                                 {product} {command line}
   size_t MarkStackSize                            = 4194304                                   {product} {ergonomic}
   size_t MaxHeapSize                              = 536870912                                 {product} {command line}
   size_t MaxMetaspaceSize                         = 402653184                                 {product} {command line}
   size_t MaxNewSize                               = 321912832                                 {product} {ergonomic}
   size_t MinHeapDeltaBytes                        = 1048576                                   {product} {ergonomic}
   size_t MinHeapSize                              = 268435456                                 {product} {command line}
    uintx NonNMethodCodeHeapSize                   = 5839372                                {pd product} {ergonomic}
    uintx NonProfiledCodeHeapSize                  = 122909434                              {pd product} {ergonomic}
    uintx ProfiledCodeHeapSize                     = 122909434                              {pd product} {ergonomic}
    uintx ReservedCodeCacheSize                    = 251658240                              {pd product} {ergonomic}
     bool SegmentedCodeCache                       = true                                      {product} {ergonomic}
   size_t SoftMaxHeapSize                          = 536870912                              {manageable} {ergonomic}
     bool UseCompressedOops                        = true                           {product lp64_product} {ergonomic}
     bool UseG1GC                                  = true                                      {product} {ergonomic}
     bool UseLargePagesIndividualAllocation        = false                                  {pd product} {ergonomic}

Logging:
Log output configuration:
 #0: stdout all=warning uptime,level,tags foldmultilines=false
 #1: stderr all=off uptime,level,tags foldmultilines=false

Environment Variables:
PATH=C:\Program Files\Eclipse Adoptium\jdk-21.0.4.7-hotspot\bin;C:\app\SAMSUNG\product\21c\dbhomeXE\bin;C:\windows\system32;C:\windows;C:\windows\System32\Wbem;C:\windows\System32\WindowsPowerShell\v1.0\;C:\windows\System32\OpenSSH\;C:\Program Files (x86)\NVIDIA Corporation\PhysX\Common;C:\Program Files\NVIDIA Corporation\NVIDIA NvDLISR;C:\WINDOWS\system32;C:\WINDOWS;C:\WINDOWS\System32\Wbem;C:\WINDOWS\System32\WindowsPowerShell\v1.0\;C:\WINDOWS\System32\OpenSSH\;C:\Program Files (x86)\Windows Live\Shared;C:\Program Files\Git\cmd;C:\Program Files\Bandizip\;C:\Users\SAMSUNG\AppData\Local\Microsoft\WindowsApps;C:\Users\SAMSUNG\AppData\Local\Microsoft VS Code\bin
USERNAME=SAMSUNG
OS=Windows_NT
PROCESSOR_IDENTIFIER=Intel64 Family 6 Model 158 Stepping 10, GenuineIntel
TMP=C:\Users\SAMSUNG\AppData\Local\Temp
TEMP=C:\Users\SAMSUNG\AppData\Local\Temp




Periodic native trim disabled

---------------  S Y S T E M  ---------------

OS:
 Windows 10 , 64 bit Build 19041 (10.0.19041.4957)
OS uptime: 27 days 15:28 hours

CPU: total 8 (initial active 8) (4 cores per cpu, 2 threads per core) family 6 model 158 stepping 10 microcode 0xb4, cx8, cmov, fxsr, ht, mmx, 3dnowpref, sse, sse2, sse3, ssse3, sse4.1, sse4.2, popcnt, lzcnt, tsc, tscinvbit, avx, avx2, aes, erms, clmul, bmi1, bmi2, adx, fma, vzeroupper, clflush, clflushopt, rdtscp, f16c
Processor Information for all 8 processors :
  Max Mhz: 2400, Current Mhz: 2400, Mhz Limit: 2400

Memory: 4k page, system-wide physical 8126M (70M free)
TotalPageFile size 32702M (AvailPageFile size 1M)
current process WorkingSet (physical memory assigned to process): 381M, peak: 398M
current process commit charge ("private bytes"): 481M, peak: 482M

vm_info: OpenJDK 64-Bit Server VM (21.0.4+7-LTS) for windows-amd64 JRE (21.0.4+7-LTS), built on 2024-07-16T00:00:00Z by "admin" with MS VC++ 17.7 (VS2022)

END.
